mode: atomic
github.com/furynet/furyhub/modules/guardian/types/tx.pb.go:37.39,37.61 1 0
github.com/furynet/furyhub/modules/guardian/types/tx.pb.go:38.39,38.76 1 0
github.com/furynet/furyhub/modules/guardian/types/tx.pb.go:39.40,39.41 0 0
github.com/furynet/furyhub/modules/guardian/types/tx.pb.go:40.50,42.2 1 0
github.com/furynet/furyhub/modules/guardian/types/tx.pb.go:43.53,45.2 1 0
github.com/furynet/furyhub/modules/guardian/types/tx.pb.go:46.81,47.19 1 0
github.com/furynet/furyhub/modules/guardian/types/tx.pb.go:47.19,49.3 1 0
github.com/furynet/furyhub/modules/guardian/types/tx.pb.go:49.8,52.17 3 0
github.com/furynet/furyhub/modules/guardian/types/tx.pb.go:55.3,55.20 1 0
github.com/furynet/furyhub/modules/guardian/types/tx.pb.go:52.17,54.4 1 0
github.com/furynet/furyhub/modules/guardian/types/tx.pb.go:58.52,60.2 1 0
github.com/furynet/furyhub/modules/guardian/types/tx.pb.go:61.38,63.2 1 0
github.com/furynet/furyhub/modules/guardian/types/tx.pb.go:64.44,66.2 1 0
github.com/furynet/furyhub/modules/guardian/types/tx.pb.go:70.47,71.14 1 0
github.com/furynet/furyhub/modules/guardian/types/tx.pb.go:74.2,74.11 1 0
github.com/furynet/furyhub/modules/guardian/types/tx.pb.go:71.14,73.3 1 0
github.com/furynet/furyhub/modules/guardian/types/tx.pb.go:77.43,78.14 1 0
github.com/furynet/furyhub/modules/guardian/types/tx.pb.go:81.2,81.11 1 0
github.com/furynet/furyhub/modules/guardian/types/tx.pb.go:78.14,80.3 1 0
github.com/furynet/furyhub/modules/guardian/types/tx.pb.go:84.43,85.14 1 0
github.com/furynet/furyhub/modules/guardian/types/tx.pb.go:88.2,88.11 1 0
github.com/furynet/furyhub/modules/guardian/types/tx.pb.go:85.14,87.3 1 0
github.com/furynet/furyhub/modules/guardian/types/tx.pb.go:95.47,95.77 1 0
github.com/furynet/furyhub/modules/guardian/types/tx.pb.go:96.47,96.84 1 0
github.com/furynet/furyhub/modules/guardian/types/tx.pb.go:97.48,97.49 0 0
github.com/furynet/furyhub/modules/guardian/types/tx.pb.go:98.58,100.2 1 0
github.com/furynet/furyhub/modules/guardian/types/tx.pb.go:101.61,103.2 1 0
github.com/furynet/furyhub/modules/guardian/types/tx.pb.go:104.89,105.19 1 0
github.com/furynet/furyhub/modules/guardian/types/tx.pb.go:105.19,107.3 1 0
github.com/furynet/furyhub/modules/guardian/types/tx.pb.go:107.8,110.17 3 0
github.com/furynet/furyhub/modules/guardian/types/tx.pb.go:113.3,113.20 1 0
github.com/furynet/furyhub/modules/guardian/types/tx.pb.go:110.17,112.4 1 0
github.com/furynet/furyhub/modules/guardian/types/tx.pb.go:116.60,118.2 1 0
github.com/furynet/furyhub/modules/guardian/types/tx.pb.go:119.46,121.2 1 0
github.com/furynet/furyhub/modules/guardian/types/tx.pb.go:122.52,124.2 1 0
github.com/furynet/furyhub/modules/guardian/types/tx.pb.go:134.42,134.67 1 0
github.com/furynet/furyhub/modules/guardian/types/tx.pb.go:135.42,135.79 1 0
github.com/furynet/furyhub/modules/guardian/types/tx.pb.go:136.43,136.44 0 0
github.com/furynet/furyhub/modules/guardian/types/tx.pb.go:137.53,139.2 1 0
github.com/furynet/furyhub/modules/guardian/types/tx.pb.go:140.56,142.2 1 0
github.com/furynet/furyhub/modules/guardian/types/tx.pb.go:143.84,144.19 1 0
github.com/furynet/furyhub/modules/guardian/types/tx.pb.go:144.19,146.3 1 0
github.com/furynet/furyhub/modules/guardian/types/tx.pb.go:146.8,149.17 3 0
github.com/furynet/furyhub/modules/guardian/types/tx.pb.go:152.3,152.20 1 0
github.com/furynet/furyhub/modules/guardian/types/tx.pb.go:149.17,151.4 1 0
github.com/furynet/furyhub/modules/guardian/types/tx.pb.go:155.55,157.2 1 0
github.com/furynet/furyhub/modules/guardian/types/tx.pb.go:158.41,160.2 1 0
github.com/furynet/furyhub/modules/guardian/types/tx.pb.go:161.47,163.2 1 0
github.com/furynet/furyhub/modules/guardian/types/tx.pb.go:167.46,168.14 1 0
github.com/furynet/furyhub/modules/guardian/types/tx.pb.go:171.2,171.11 1 0
github.com/furynet/furyhub/modules/guardian/types/tx.pb.go:168.14,170.3 1 0
github.com/furynet/furyhub/modules/guardian/types/tx.pb.go:174.48,175.14 1 0
github.com/furynet/furyhub/modules/guardian/types/tx.pb.go:178.2,178.11 1 0
github.com/furynet/furyhub/modules/guardian/types/tx.pb.go:175.14,177.3 1 0
github.com/furynet/furyhub/modules/guardian/types/tx.pb.go:185.50,185.83 1 0
github.com/furynet/furyhub/modules/guardian/types/tx.pb.go:186.50,186.87 1 0
github.com/furynet/furyhub/modules/guardian/types/tx.pb.go:187.51,187.52 0 0
github.com/furynet/furyhub/modules/guardian/types/tx.pb.go:188.61,190.2 1 0
github.com/furynet/furyhub/modules/guardian/types/tx.pb.go:191.64,193.2 1 0
github.com/furynet/furyhub/modules/guardian/types/tx.pb.go:194.92,195.19 1 0
github.com/furynet/furyhub/modules/guardian/types/tx.pb.go:195.19,197.3 1 0
github.com/furynet/furyhub/modules/guardian/types/tx.pb.go:197.8,200.17 3 0
github.com/furynet/furyhub/modules/guardian/types/tx.pb.go:203.3,203.20 1 0
github.com/furynet/furyhub/modules/guardian/types/tx.pb.go:200.17,202.4 1 0
github.com/furynet/furyhub/modules/guardian/types/tx.pb.go:206.63,208.2 1 0
github.com/furynet/furyhub/modules/guardian/types/tx.pb.go:209.49,211.2 1 0
github.com/furynet/furyhub/modules/guardian/types/tx.pb.go:212.55,214.2 1 0
github.com/furynet/furyhub/modules/guardian/types/tx.pb.go:218.13,223.2 4 1
github.com/furynet/furyhub/modules/guardian/types/tx.pb.go:225.13,225.89 1 1
github.com/furynet/furyhub/modules/guardian/types/tx.pb.go:272.50,274.2 1 0
github.com/furynet/furyhub/modules/guardian/types/tx.pb.go:276.123,279.16 3 0
github.com/furynet/furyhub/modules/guardian/types/tx.pb.go:282.2,282.17 1 0
github.com/furynet/furyhub/modules/guardian/types/tx.pb.go:279.16,281.3 1 0
github.com/furynet/furyhub/modules/guardian/types/tx.pb.go:285.132,288.16 3 0
github.com/furynet/furyhub/modules/guardian/types/tx.pb.go:291.2,291.17 1 0
github.com/furynet/furyhub/modules/guardian/types/tx.pb.go:288.16,290.3 1 0
github.com/furynet/furyhub/modules/guardian/types/tx.pb.go:306.110,308.2 1 0
github.com/furynet/furyhub/modules/guardian/types/tx.pb.go:309.119,311.2 1 0
github.com/furynet/furyhub/modules/guardian/types/tx.pb.go:313.55,315.2 1 0
github.com/furynet/furyhub/modules/guardian/types/tx.pb.go:317.157,319.32 2 0
github.com/furynet/furyhub/modules/guardian/types/tx.pb.go:322.2,322.24 1 0
github.com/furynet/furyhub/modules/guardian/types/tx.pb.go:325.2,329.77 2 0
github.com/furynet/furyhub/modules/guardian/types/tx.pb.go:332.2,332.44 1 0
github.com/furynet/furyhub/modules/guardian/types/tx.pb.go:319.32,321.3 1 0
github.com/furynet/furyhub/modules/guardian/types/tx.pb.go:322.24,324.3 1 0
github.com/furynet/furyhub/modules/guardian/types/tx.pb.go:329.77,331.3 1 0
github.com/furynet/furyhub/modules/guardian/types/tx.pb.go:335.160,337.32 2 0
github.com/furynet/furyhub/modules/guardian/types/tx.pb.go:340.2,340.24 1 0
github.com/furynet/furyhub/modules/guardian/types/tx.pb.go:343.2,347.77 2 0
github.com/furynet/furyhub/modules/guardian/types/tx.pb.go:350.2,350.44 1 0
github.com/furynet/furyhub/modules/guardian/types/tx.pb.go:337.32,339.3 1 0
github.com/furynet/furyhub/modules/guardian/types/tx.pb.go:340.24,342.3 1 0
github.com/furynet/furyhub/modules/guardian/types/tx.pb.go:347.77,349.3 1 0
github.com/furynet/furyhub/modules/guardian/types/tx.pb.go:370.58,374.16 4 0
github.com/furynet/furyhub/modules/guardian/types/tx.pb.go:377.2,377.22 1 0
github.com/furynet/furyhub/modules/guardian/types/tx.pb.go:374.16,376.3 1 0
github.com/furynet/furyhub/modules/guardian/types/tx.pb.go:380.59,383.2 2 0
github.com/furynet/furyhub/modules/guardian/types/tx.pb.go:385.70,390.24 5 0
github.com/furynet/furyhub/modules/guardian/types/tx.pb.go:397.2,397.24 1 0
github.com/furynet/furyhub/modules/guardian/types/tx.pb.go:404.2,404.28 1 0
github.com/furynet/furyhub/modules/guardian/types/tx.pb.go:411.2,411.27 1 0
github.com/furynet/furyhub/modules/guardian/types/tx.pb.go:390.24,396.3 5 0
github.com/furynet/furyhub/modules/guardian/types/tx.pb.go:397.24,403.3 5 0
github.com/furynet/furyhub/modules/guardian/types/tx.pb.go:404.28,410.3 5 0
github.com/furynet/furyhub/modules/guardian/types/tx.pb.go:414.66,418.16 4 0
github.com/furynet/furyhub/modules/guardian/types/tx.pb.go:421.2,421.22 1 0
github.com/furynet/furyhub/modules/guardian/types/tx.pb.go:418.16,420.3 1 0
github.com/furynet/furyhub/modules/guardian/types/tx.pb.go:424.67,427.2 2 0
github.com/furynet/furyhub/modules/guardian/types/tx.pb.go:429.78,435.2 5 0
github.com/furynet/furyhub/modules/guardian/types/tx.pb.go:437.61,441.16 4 0
github.com/furynet/furyhub/modules/guardian/types/tx.pb.go:444.2,444.22 1 0
github.com/furynet/furyhub/modules/guardian/types/tx.pb.go:441.16,443.3 1 0
github.com/furynet/furyhub/modules/guardian/types/tx.pb.go:447.62,450.2 2 0
github.com/furynet/furyhub/modules/guardian/types/tx.pb.go:452.73,457.26 5 0
github.com/furynet/furyhub/modules/guardian/types/tx.pb.go:464.2,464.24 1 0
github.com/furynet/furyhub/modules/guardian/types/tx.pb.go:471.2,471.27 1 0
github.com/furynet/furyhub/modules/guardian/types/tx.pb.go:457.26,463.3 5 0
github.com/furynet/furyhub/modules/guardian/types/tx.pb.go:464.24,470.3 5 0
github.com/furynet/furyhub/modules/guardian/types/tx.pb.go:474.69,478.16 4 0
github.com/furynet/furyhub/modules/guardian/types/tx.pb.go:481.2,481.22 1 0
github.com/furynet/furyhub/modules/guardian/types/tx.pb.go:478.16,480.3 1 0
github.com/furynet/furyhub/modules/guardian/types/tx.pb.go:484.70,487.2 2 0
github.com/furynet/furyhub/modules/guardian/types/tx.pb.go:489.81,495.2 5 0
github.com/furynet/furyhub/modules/guardian/types/tx.pb.go:497.60,500.16 3 0
github.com/furynet/furyhub/modules/guardian/types/tx.pb.go:505.2,506.13 2 0
github.com/furynet/furyhub/modules/guardian/types/tx.pb.go:500.16,504.3 3 0
github.com/furynet/furyhub/modules/guardian/types/tx.pb.go:508.38,509.14 1 0
github.com/furynet/furyhub/modules/guardian/types/tx.pb.go:512.2,515.11 4 0
github.com/furynet/furyhub/modules/guardian/types/tx.pb.go:518.2,519.11 2 0
github.com/furynet/furyhub/modules/guardian/types/tx.pb.go:522.2,523.11 2 0
github.com/furynet/furyhub/modules/guardian/types/tx.pb.go:526.2,526.10 1 0
github.com/furynet/furyhub/modules/guardian/types/tx.pb.go:509.14,511.3 1 0
github.com/furynet/furyhub/modules/guardian/types/tx.pb.go:515.11,517.3 1 0
github.com/furynet/furyhub/modules/guardian/types/tx.pb.go:519.11,521.3 1 0
github.com/furynet/furyhub/modules/guardian/types/tx.pb.go:523.11,525.3 1 0
github.com/furynet/furyhub/modules/guardian/types/tx.pb.go:529.46,530.14 1 0
github.com/furynet/furyhub/modules/guardian/types/tx.pb.go:533.2,535.10 3 0
github.com/furynet/furyhub/modules/guardian/types/tx.pb.go:530.14,532.3 1 0
github.com/furynet/furyhub/modules/guardian/types/tx.pb.go:538.41,539.14 1 0
github.com/furynet/furyhub/modules/guardian/types/tx.pb.go:542.2,545.11 4 0
github.com/furynet/furyhub/modules/guardian/types/tx.pb.go:548.2,549.11 2 0
github.com/furynet/furyhub/modules/guardian/types/tx.pb.go:552.2,552.10 1 0
github.com/furynet/furyhub/modules/guardian/types/tx.pb.go:539.14,541.3 1 0
github.com/furynet/furyhub/modules/guardian/types/tx.pb.go:545.11,547.3 1 0
github.com/furynet/furyhub/modules/guardian/types/tx.pb.go:549.11,551.3 1 0
github.com/furynet/furyhub/modules/guardian/types/tx.pb.go:555.49,556.14 1 0
github.com/furynet/furyhub/modules/guardian/types/tx.pb.go:559.2,561.10 3 0
github.com/furynet/furyhub/modules/guardian/types/tx.pb.go:556.14,558.3 1 0
github.com/furynet/furyhub/modules/guardian/types/tx.pb.go:564.30,566.2 1 0
github.com/furynet/furyhub/modules/guardian/types/tx.pb.go:567.30,569.2 1 0
github.com/furynet/furyhub/modules/guardian/types/tx.pb.go:570.52,573.16 3 0
github.com/furynet/furyhub/modules/guardian/types/tx.pb.go:711.2,711.15 1 0
github.com/furynet/furyhub/modules/guardian/types/tx.pb.go:714.2,714.12 1 0
github.com/furynet/furyhub/modules/guardian/types/tx.pb.go:573.16,576.38 3 0
github.com/furynet/furyhub/modules/guardian/types/tx.pb.go:590.3,592.20 3 0
github.com/furynet/furyhub/modules/guardian/types/tx.pb.go:595.3,595.20 1 0
github.com/furynet/furyhub/modules/guardian/types/tx.pb.go:598.3,598.19 1 0
github.com/furynet/furyhub/modules/guardian/types/tx.pb.go:576.38,577.19 1 0
github.com/furynet/furyhub/modules/guardian/types/tx.pb.go:580.4,580.18 1 0
github.com/furynet/furyhub/modules/guardian/types/tx.pb.go:583.4,586.16 4 0
github.com/furynet/furyhub/modules/guardian/types/tx.pb.go:577.19,579.5 1 0
github.com/furynet/furyhub/modules/guardian/types/tx.pb.go:580.18,582.5 1 0
github.com/furynet/furyhub/modules/guardian/types/tx.pb.go:586.16,587.10 1 0
github.com/furynet/furyhub/modules/guardian/types/tx.pb.go:592.20,594.4 1 0
github.com/furynet/furyhub/modules/guardian/types/tx.pb.go:595.20,597.4 1 0
github.com/furynet/furyhub/modules/guardian/types/tx.pb.go:599.10,600.21 1 0
github.com/furynet/furyhub/modules/guardian/types/tx.pb.go:603.4,604.39 2 0
github.com/furynet/furyhub/modules/guardian/types/tx.pb.go:618.4,619.24 2 0
github.com/furynet/furyhub/modules/guardian/types/tx.pb.go:622.4,623.21 2 0
github.com/furynet/furyhub/modules/guardian/types/tx.pb.go:626.4,626.21 1 0
github.com/furynet/furyhub/modules/guardian/types/tx.pb.go:629.4,630.21 2 0
github.com/furynet/furyhub/modules/guardian/types/tx.pb.go:631.10,632.21 1 0
github.com/furynet/furyhub/modules/guardian/types/tx.pb.go:635.4,636.39 2 0
github.com/furynet/furyhub/modules/guardian/types/tx.pb.go:650.4,651.24 2 0
github.com/furynet/furyhub/modules/guardian/types/tx.pb.go:654.4,655.21 2 0
github.com/furynet/furyhub/modules/guardian/types/tx.pb.go:658.4,658.21 1 0
github.com/furynet/furyhub/modules/guardian/types/tx.pb.go:661.4,662.21 2 0
github.com/furynet/furyhub/modules/guardian/types/tx.pb.go:663.10,664.21 1 0
github.com/furynet/furyhub/modules/guardian/types/tx.pb.go:667.4,668.39 2 0
github.com/furynet/furyhub/modules/guardian/types/tx.pb.go:682.4,683.24 2 0
github.com/furynet/furyhub/modules/guardian/types/tx.pb.go:686.4,687.21 2 0
github.com/furynet/furyhub/modules/guardian/types/tx.pb.go:690.4,690.21 1 0
github.com/furynet/furyhub/modules/guardian/types/tx.pb.go:693.4,694.21 2 0
github.com/furynet/furyhub/modules/guardian/types/tx.pb.go:695.11,698.18 3 0
github.com/furynet/furyhub/modules/guardian/types/tx.pb.go:701.4,701.42 1 0
github.com/furynet/furyhub/modules/guardian/types/tx.pb.go:704.4,704.28 1 0
github.com/furynet/furyhub/modules/guardian/types/tx.pb.go:707.4,707.19 1 0
github.com/furynet/furyhub/modules/guardian/types/tx.pb.go:600.21,602.5 1 0
github.com/furynet/furyhub/modules/guardian/types/tx.pb.go:604.39,605.20 1 0
github.com/furynet/furyhub/modules/guardian/types/tx.pb.go:608.5,608.19 1 0
github.com/furynet/furyhub/modules/guardian/types/tx.pb.go:611.5,614.17 4 0
github.com/furynet/furyhub/modules/guardian/types/tx.pb.go:605.20,607.6 1 0
github.com/furynet/furyhub/modules/guardian/types/tx.pb.go:608.19,610.6 1 0
github.com/furynet/furyhub/modules/guardian/types/tx.pb.go:614.17,615.11 1 0
github.com/furynet/furyhub/modules/guardian/types/tx.pb.go:619.24,621.5 1 0
github.com/furynet/furyhub/modules/guardian/types/tx.pb.go:623.21,625.5 1 0
github.com/furynet/furyhub/modules/guardian/types/tx.pb.go:626.21,628.5 1 0
github.com/furynet/furyhub/modules/guardian/types/tx.pb.go:632.21,634.5 1 0
github.com/furynet/furyhub/modules/guardian/types/tx.pb.go:636.39,637.20 1 0
github.com/furynet/furyhub/modules/guardian/types/tx.pb.go:640.5,640.19 1 0
github.com/furynet/furyhub/modules/guardian/types/tx.pb.go:643.5,646.17 4 0
github.com/furynet/furyhub/modules/guardian/types/tx.pb.go:637.20,639.6 1 0
github.com/furynet/furyhub/modules/guardian/types/tx.pb.go:640.19,642.6 1 0
github.com/furynet/furyhub/modules/guardian/types/tx.pb.go:646.17,647.11 1 0
github.com/furynet/furyhub/modules/guardian/types/tx.pb.go:651.24,653.5 1 0
github.com/furynet/furyhub/modules/guardian/types/tx.pb.go:655.21,657.5 1 0
github.com/furynet/furyhub/modules/guardian/types/tx.pb.go:658.21,660.5 1 0
github.com/furynet/furyhub/modules/guardian/types/tx.pb.go:664.21,666.5 1 0
github.com/furynet/furyhub/modules/guardian/types/tx.pb.go:668.39,669.20 1 0
github.com/furynet/furyhub/modules/guardian/types/tx.pb.go:672.5,672.19 1 0
github.com/furynet/furyhub/modules/guardian/types/tx.pb.go:675.5,678.17 4 0
github.com/furynet/furyhub/modules/guardian/types/tx.pb.go:669.20,671.6 1 0
github.com/furynet/furyhub/modules/guardian/types/tx.pb.go:672.19,674.6 1 0
github.com/furynet/furyhub/modules/guardian/types/tx.pb.go:678.17,679.11 1 0
github.com/furynet/furyhub/modules/guardian/types/tx.pb.go:683.24,685.5 1 0
github.com/furynet/furyhub/modules/guardian/types/tx.pb.go:687.21,689.5 1 0
github.com/furynet/furyhub/modules/guardian/types/tx.pb.go:690.21,692.5 1 0
github.com/furynet/furyhub/modules/guardian/types/tx.pb.go:698.18,700.5 1 0
github.com/furynet/furyhub/modules/guardian/types/tx.pb.go:701.42,703.5 1 0
github.com/furynet/furyhub/modules/guardian/types/tx.pb.go:704.28,706.5 1 0
github.com/furynet/furyhub/modules/guardian/types/tx.pb.go:711.15,713.3 1 0
github.com/furynet/furyhub/modules/guardian/types/tx.pb.go:716.60,719.16 3 0
github.com/furynet/furyhub/modules/guardian/types/tx.pb.go:761.2,761.15 1 0
github.com/furynet/furyhub/modules/guardian/types/tx.pb.go:764.2,764.12 1 0
github.com/furynet/furyhub/modules/guardian/types/tx.pb.go:719.16,722.38 3 0
github.com/furynet/furyhub/modules/guardian/types/tx.pb.go:736.3,738.20 3 0
github.com/furynet/furyhub/modules/guardian/types/tx.pb.go:741.3,741.20 1 0
github.com/furynet/furyhub/modules/guardian/types/tx.pb.go:744.3,744.19 1 0
github.com/furynet/furyhub/modules/guardian/types/tx.pb.go:722.38,723.19 1 0
github.com/furynet/furyhub/modules/guardian/types/tx.pb.go:726.4,726.18 1 0
github.com/furynet/furyhub/modules/guardian/types/tx.pb.go:729.4,732.16 4 0
github.com/furynet/furyhub/modules/guardian/types/tx.pb.go:723.19,725.5 1 0
github.com/furynet/furyhub/modules/guardian/types/tx.pb.go:726.18,728.5 1 0
github.com/furynet/furyhub/modules/guardian/types/tx.pb.go:732.16,733.10 1 0
github.com/furynet/furyhub/modules/guardian/types/tx.pb.go:738.20,740.4 1 0
github.com/furynet/furyhub/modules/guardian/types/tx.pb.go:741.20,743.4 1 0
github.com/furynet/furyhub/modules/guardian/types/tx.pb.go:745.11,748.18 3 0
github.com/furynet/furyhub/modules/guardian/types/tx.pb.go:751.4,751.42 1 0
github.com/furynet/furyhub/modules/guardian/types/tx.pb.go:754.4,754.28 1 0
github.com/furynet/furyhub/modules/guardian/types/tx.pb.go:757.4,757.19 1 0
github.com/furynet/furyhub/modules/guardian/types/tx.pb.go:748.18,750.5 1 0
github.com/furynet/furyhub/modules/guardian/types/tx.pb.go:751.42,753.5 1 0
github.com/furynet/furyhub/modules/guardian/types/tx.pb.go:754.28,756.5 1 0
github.com/furynet/furyhub/modules/guardian/types/tx.pb.go:761.15,763.3 1 0
github.com/furynet/furyhub/modules/guardian/types/tx.pb.go:766.55,769.16 3 0
github.com/furynet/furyhub/modules/guardian/types/tx.pb.go:875.2,875.15 1 0
github.com/furynet/furyhub/modules/guardian/types/tx.pb.go:878.2,878.12 1 0
github.com/furynet/furyhub/modules/guardian/types/tx.pb.go:769.16,772.38 3 0
github.com/furynet/furyhub/modules/guardian/types/tx.pb.go:786.3,788.20 3 0
github.com/furynet/furyhub/modules/guardian/types/tx.pb.go:791.3,791.20 1 0
github.com/furynet/furyhub/modules/guardian/types/tx.pb.go:794.3,794.19 1 0
github.com/furynet/furyhub/modules/guardian/types/tx.pb.go:772.38,773.19 1 0
github.com/furynet/furyhub/modules/guardian/types/tx.pb.go:776.4,776.18 1 0
github.com/furynet/furyhub/modules/guardian/types/tx.pb.go:779.4,782.16 4 0
github.com/furynet/furyhub/modules/guardian/types/tx.pb.go:773.19,775.5 1 0
github.com/furynet/furyhub/modules/guardian/types/tx.pb.go:776.18,778.5 1 0
github.com/furynet/furyhub/modules/guardian/types/tx.pb.go:782.16,783.10 1 0
github.com/furynet/furyhub/modules/guardian/types/tx.pb.go:788.20,790.4 1 0
github.com/furynet/furyhub/modules/guardian/types/tx.pb.go:791.20,793.4 1 0
github.com/furynet/furyhub/modules/guardian/types/tx.pb.go:795.10,796.21 1 0
github.com/furynet/furyhub/modules/guardian/types/tx.pb.go:799.4,800.39 2 0
github.com/furynet/furyhub/modules/guardian/types/tx.pb.go:814.4,815.24 2 0
github.com/furynet/furyhub/modules/guardian/types/tx.pb.go:818.4,819.21 2 0
github.com/furynet/furyhub/modules/guardian/types/tx.pb.go:822.4,822.21 1 0
github.com/furynet/furyhub/modules/guardian/types/tx.pb.go:825.4,826.21 2 0
github.com/furynet/furyhub/modules/guardian/types/tx.pb.go:827.10,828.21 1 0
github.com/furynet/furyhub/modules/guardian/types/tx.pb.go:831.4,832.39 2 0
github.com/furynet/furyhub/modules/guardian/types/tx.pb.go:846.4,847.24 2 0
github.com/furynet/furyhub/modules/guardian/types/tx.pb.go:850.4,851.21 2 0
github.com/furynet/furyhub/modules/guardian/types/tx.pb.go:854.4,854.21 1 0
github.com/furynet/furyhub/modules/guardian/types/tx.pb.go:857.4,858.21 2 0
github.com/furynet/furyhub/modules/guardian/types/tx.pb.go:859.11,862.18 3 0
github.com/furynet/furyhub/modules/guardian/types/tx.pb.go:865.4,865.42 1 0
github.com/furynet/furyhub/modules/guardian/types/tx.pb.go:868.4,868.28 1 0
github.com/furynet/furyhub/modules/guardian/types/tx.pb.go:871.4,871.19 1 0
github.com/furynet/furyhub/modules/guardian/types/tx.pb.go:796.21,798.5 1 0
github.com/furynet/furyhub/modules/guardian/types/tx.pb.go:800.39,801.20 1 0
github.com/furynet/furyhub/modules/guardian/types/tx.pb.go:804.5,804.19 1 0
github.com/furynet/furyhub/modules/guardian/types/tx.pb.go:807.5,810.17 4 0
github.com/furynet/furyhub/modules/guardian/types/tx.pb.go:801.20,803.6 1 0
github.com/furynet/furyhub/modules/guardian/types/tx.pb.go:804.19,806.6 1 0
github.com/furynet/furyhub/modules/guardian/types/tx.pb.go:810.17,811.11 1 0
github.com/furynet/furyhub/modules/guardian/types/tx.pb.go:815.24,817.5 1 0
github.com/furynet/furyhub/modules/guardian/types/tx.pb.go:819.21,821.5 1 0
github.com/furynet/furyhub/modules/guardian/types/tx.pb.go:822.21,824.5 1 0
github.com/furynet/furyhub/modules/guardian/types/tx.pb.go:828.21,830.5 1 0
github.com/furynet/furyhub/modules/guardian/types/tx.pb.go:832.39,833.20 1 0
github.com/furynet/furyhub/modules/guardian/types/tx.pb.go:836.5,836.19 1 0
github.com/furynet/furyhub/modules/guardian/types/tx.pb.go:839.5,842.17 4 0
github.com/furynet/furyhub/modules/guardian/types/tx.pb.go:833.20,835.6 1 0
github.com/furynet/furyhub/modules/guardian/types/tx.pb.go:836.19,838.6 1 0
github.com/furynet/furyhub/modules/guardian/types/tx.pb.go:842.17,843.11 1 0
github.com/furynet/furyhub/modules/guardian/types/tx.pb.go:847.24,849.5 1 0
github.com/furynet/furyhub/modules/guardian/types/tx.pb.go:851.21,853.5 1 0
github.com/furynet/furyhub/modules/guardian/types/tx.pb.go:854.21,856.5 1 0
github.com/furynet/furyhub/modules/guardian/types/tx.pb.go:862.18,864.5 1 0
github.com/furynet/furyhub/modules/guardian/types/tx.pb.go:865.42,867.5 1 0
github.com/furynet/furyhub/modules/guardian/types/tx.pb.go:868.28,870.5 1 0
github.com/furynet/furyhub/modules/guardian/types/tx.pb.go:875.15,877.3 1 0
github.com/furynet/furyhub/modules/guardian/types/tx.pb.go:880.63,883.16 3 0
github.com/furynet/furyhub/modules/guardian/types/tx.pb.go:925.2,925.15 1 0
github.com/furynet/furyhub/modules/guardian/types/tx.pb.go:928.2,928.12 1 0
github.com/furynet/furyhub/modules/guardian/types/tx.pb.go:883.16,886.38 3 0
github.com/furynet/furyhub/modules/guardian/types/tx.pb.go:900.3,902.20 3 0
github.com/furynet/furyhub/modules/guardian/types/tx.pb.go:905.3,905.20 1 0
github.com/furynet/furyhub/modules/guardian/types/tx.pb.go:908.3,908.19 1 0
github.com/furynet/furyhub/modules/guardian/types/tx.pb.go:886.38,887.19 1 0
github.com/furynet/furyhub/modules/guardian/types/tx.pb.go:890.4,890.18 1 0
github.com/furynet/furyhub/modules/guardian/types/tx.pb.go:893.4,896.16 4 0
github.com/furynet/furyhub/modules/guardian/types/tx.pb.go:887.19,889.5 1 0
github.com/furynet/furyhub/modules/guardian/types/tx.pb.go:890.18,892.5 1 0
github.com/furynet/furyhub/modules/guardian/types/tx.pb.go:896.16,897.10 1 0
github.com/furynet/furyhub/modules/guardian/types/tx.pb.go:902.20,904.4 1 0
github.com/furynet/furyhub/modules/guardian/types/tx.pb.go:905.20,907.4 1 0
github.com/furynet/furyhub/modules/guardian/types/tx.pb.go:909.11,912.18 3 0
github.com/furynet/furyhub/modules/guardian/types/tx.pb.go:915.4,915.42 1 0
github.com/furynet/furyhub/modules/guardian/types/tx.pb.go:918.4,918.28 1 0
github.com/furynet/furyhub/modules/guardian/types/tx.pb.go:921.4,921.19 1 0
github.com/furynet/furyhub/modules/guardian/types/tx.pb.go:912.18,914.5 1 0
github.com/furynet/furyhub/modules/guardian/types/tx.pb.go:915.42,917.5 1 0
github.com/furynet/furyhub/modules/guardian/types/tx.pb.go:918.28,920.5 1 0
github.com/furynet/furyhub/modules/guardian/types/tx.pb.go:925.15,927.3 1 0
github.com/furynet/furyhub/modules/guardian/types/tx.pb.go:930.45,934.16 4 0
github.com/furynet/furyhub/modules/guardian/types/tx.pb.go:1006.2,1006.31 1 0
github.com/furynet/furyhub/modules/guardian/types/tx.pb.go:934.16,936.38 2 0
github.com/furynet/furyhub/modules/guardian/types/tx.pb.go:950.3,951.19 2 0
github.com/furynet/furyhub/modules/guardian/types/tx.pb.go:999.3,999.16 1 0
github.com/furynet/furyhub/modules/guardian/types/tx.pb.go:1002.3,1002.17 1 0
github.com/furynet/furyhub/modules/guardian/types/tx.pb.go:936.38,937.19 1 0
github.com/furynet/furyhub/modules/guardian/types/tx.pb.go:940.4,940.18 1 0
github.com/furynet/furyhub/modules/guardian/types/tx.pb.go:943.4,946.16 4 0
github.com/furynet/furyhub/modules/guardian/types/tx.pb.go:937.19,939.5 1 0
github.com/furynet/furyhub/modules/guardian/types/tx.pb.go:940.18,942.5 1 0
github.com/furynet/furyhub/modules/guardian/types/tx.pb.go:946.16,947.10 1 0
github.com/furynet/furyhub/modules/guardian/types/tx.pb.go:952.10,953.39 1 0
github.com/furynet/furyhub/modules/guardian/types/tx.pb.go:965.10,966.14 1 0
github.com/furynet/furyhub/modules/guardian/types/tx.pb.go:967.10,969.39 2 0
github.com/furynet/furyhub/modules/guardian/types/tx.pb.go:983.4,983.18 1 0
github.com/furynet/furyhub/modules/guardian/types/tx.pb.go:986.4,986.19 1 0
github.com/furynet/furyhub/modules/guardian/types/tx.pb.go:987.10,988.11 1 0
github.com/furynet/furyhub/modules/guardian/types/tx.pb.go:989.10,990.18 1 0
github.com/furynet/furyhub/modules/guardian/types/tx.pb.go:993.4,993.11 1 0
github.com/furynet/furyhub/modules/guardian/types/tx.pb.go:994.10,995.14 1 0
github.com/furynet/furyhub/modules/guardian/types/tx.pb.go:996.11,997.64 1 0
github.com/furynet/furyhub/modules/guardian/types/tx.pb.go:953.39,954.20 1 0
github.com/furynet/furyhub/modules/guardian/types/tx.pb.go:957.5,957.19 1 0
github.com/furynet/furyhub/modules/guardian/types/tx.pb.go:960.5,961.29 2 0
github.com/furynet/furyhub/modules/guardian/types/tx.pb.go:954.20,956.6 1 0
github.com/furynet/furyhub/modules/guardian/types/tx.pb.go:957.19,959.6 1 0
github.com/furynet/furyhub/modules/guardian/types/tx.pb.go:961.29,962.11 1 0
github.com/furynet/furyhub/modules/guardian/types/tx.pb.go:969.39,970.20 1 0
github.com/furynet/furyhub/modules/guardian/types/tx.pb.go:973.5,973.19 1 0
github.com/furynet/furyhub/modules/guardian/types/tx.pb.go:976.5,979.17 4 0
github.com/furynet/furyhub/modules/guardian/types/tx.pb.go:970.20,972.6 1 0
github.com/furynet/furyhub/modules/guardian/types/tx.pb.go:973.19,975.6 1 0
github.com/furynet/furyhub/modules/guardian/types/tx.pb.go:979.17,980.11 1 0
github.com/furynet/furyhub/modules/guardian/types/tx.pb.go:983.18,985.5 1 0
github.com/furynet/furyhub/modules/guardian/types/tx.pb.go:990.18,992.5 1 0
github.com/furynet/furyhub/modules/guardian/types/tx.pb.go:999.16,1001.4 1 0
github.com/furynet/furyhub/modules/guardian/types/tx.pb.go:1002.17,1004.4 1 0
github.com/furynet/furyhub/modules/guardian/types/genesis.go:4.52,8.2 1 0
github.com/furynet/furyhub/modules/guardian/types/genesis.go:11.42,13.2 1 0
github.com/furynet/furyhub/modules/guardian/types/genesis.pb.go:31.40,31.63 1 0
github.com/furynet/furyhub/modules/guardian/types/genesis.pb.go:32.40,32.77 1 0
github.com/furynet/furyhub/modules/guardian/types/genesis.pb.go:33.41,33.42 0 0
github.com/furynet/furyhub/modules/guardian/types/genesis.pb.go:34.51,36.2 1 0
github.com/furynet/furyhub/modules/guardian/types/genesis.pb.go:37.54,39.2 1 0
github.com/furynet/furyhub/modules/guardian/types/genesis.pb.go:40.82,41.19 1 0
github.com/furynet/furyhub/modules/guardian/types/genesis.pb.go:41.19,43.3 1 0
github.com/furynet/furyhub/modules/guardian/types/genesis.pb.go:43.8,46.17 3 0
github.com/furynet/furyhub/modules/guardian/types/genesis.pb.go:49.3,49.20 1 0
github.com/furynet/furyhub/modules/guardian/types/genesis.pb.go:46.17,48.4 1 0
github.com/furynet/furyhub/modules/guardian/types/genesis.pb.go:52.53,54.2 1 0
github.com/furynet/furyhub/modules/guardian/types/genesis.pb.go:55.39,57.2 1 0
github.com/furynet/furyhub/modules/guardian/types/genesis.pb.go:58.45,60.2 1 0
github.com/furynet/furyhub/modules/guardian/types/genesis.pb.go:64.44,65.14 1 0
github.com/furynet/furyhub/modules/guardian/types/genesis.pb.go:68.2,68.12 1 0
github.com/furynet/furyhub/modules/guardian/types/genesis.pb.go:65.14,67.3 1 0
github.com/furynet/furyhub/modules/guardian/types/genesis.pb.go:71.13,73.2 1 1
github.com/furynet/furyhub/modules/guardian/types/genesis.pb.go:75.13,75.94 1 1
github.com/furynet/furyhub/modules/guardian/types/genesis.pb.go:94.59,98.16 4 0
github.com/furynet/furyhub/modules/guardian/types/genesis.pb.go:101.2,101.22 1 0
github.com/furynet/furyhub/modules/guardian/types/genesis.pb.go:98.16,100.3 1 0
github.com/furynet/furyhub/modules/guardian/types/genesis.pb.go:104.60,107.2 2 0
github.com/furynet/furyhub/modules/guardian/types/genesis.pb.go:109.71,114.23 5 0
github.com/furynet/furyhub/modules/guardian/types/genesis.pb.go:128.2,128.27 1 0
github.com/furynet/furyhub/modules/guardian/types/genesis.pb.go:114.23,115.55 1 0
github.com/furynet/furyhub/modules/guardian/types/genesis.pb.go:115.55,116.4 1 0
github.com/furynet/furyhub/modules/guardian/types/genesis.pb.go:124.4,125.17 2 0
github.com/furynet/furyhub/modules/guardian/types/genesis.pb.go:116.4,118.19 2 0
github.com/furynet/furyhub/modules/guardian/types/genesis.pb.go:121.5,122.51 2 0
github.com/furynet/furyhub/modules/guardian/types/genesis.pb.go:118.19,120.6 1 0
github.com/furynet/furyhub/modules/guardian/types/genesis.pb.go:131.65,134.16 3 0
github.com/furynet/furyhub/modules/guardian/types/genesis.pb.go:139.2,140.13 2 0
github.com/furynet/furyhub/modules/guardian/types/genesis.pb.go:134.16,138.3 3 0
github.com/furynet/furyhub/modules/guardian/types/genesis.pb.go:142.39,143.14 1 0
github.com/furynet/furyhub/modules/guardian/types/genesis.pb.go:146.2,148.23 3 0
github.com/furynet/furyhub/modules/guardian/types/genesis.pb.go:154.2,154.10 1 0
github.com/furynet/furyhub/modules/guardian/types/genesis.pb.go:143.14,145.3 1 0
github.com/furynet/furyhub/modules/guardian/types/genesis.pb.go:148.23,149.30 1 0
github.com/furynet/furyhub/modules/guardian/types/genesis.pb.go:149.30,152.4 2 0
github.com/furynet/furyhub/modules/guardian/types/genesis.pb.go:157.35,159.2 1 0
github.com/furynet/furyhub/modules/guardian/types/genesis.pb.go:160.35,162.2 1 0
github.com/furynet/furyhub/modules/guardian/types/genesis.pb.go:163.53,166.16 3 0
github.com/furynet/furyhub/modules/guardian/types/genesis.pb.go:242.2,242.15 1 0
github.com/furynet/furyhub/modules/guardian/types/genesis.pb.go:245.2,245.12 1 0
github.com/furynet/furyhub/modules/guardian/types/genesis.pb.go:166.16,169.38 3 0
github.com/furynet/furyhub/modules/guardian/types/genesis.pb.go:183.3,185.20 3 0
github.com/furynet/furyhub/modules/guardian/types/genesis.pb.go:188.3,188.20 1 0
github.com/furynet/furyhub/modules/guardian/types/genesis.pb.go:191.3,191.19 1 0
github.com/furynet/furyhub/modules/guardian/types/genesis.pb.go:169.38,170.19 1 0
github.com/furynet/furyhub/modules/guardian/types/genesis.pb.go:173.4,173.18 1 0
github.com/furynet/furyhub/modules/guardian/types/genesis.pb.go:176.4,179.16 4 0
github.com/furynet/furyhub/modules/guardian/types/genesis.pb.go:170.19,172.5 1 0
github.com/furynet/furyhub/modules/guardian/types/genesis.pb.go:173.18,175.5 1 0
github.com/furynet/furyhub/modules/guardian/types/genesis.pb.go:179.16,180.10 1 0
github.com/furynet/furyhub/modules/guardian/types/genesis.pb.go:185.20,187.4 1 0
github.com/furynet/furyhub/modules/guardian/types/genesis.pb.go:188.20,190.4 1 0
github.com/furynet/furyhub/modules/guardian/types/genesis.pb.go:192.10,193.21 1 0
github.com/furynet/furyhub/modules/guardian/types/genesis.pb.go:196.4,197.39 2 0
github.com/furynet/furyhub/modules/guardian/types/genesis.pb.go:211.4,211.18 1 0
github.com/furynet/furyhub/modules/guardian/types/genesis.pb.go:214.4,215.21 2 0
github.com/furynet/furyhub/modules/guardian/types/genesis.pb.go:218.4,218.21 1 0
github.com/furynet/furyhub/modules/guardian/types/genesis.pb.go:221.4,222.85 2 0
github.com/furynet/furyhub/modules/guardian/types/genesis.pb.go:225.4,225.21 1 0
github.com/furynet/furyhub/modules/guardian/types/genesis.pb.go:226.11,229.18 3 0
github.com/furynet/furyhub/modules/guardian/types/genesis.pb.go:232.4,232.42 1 0
github.com/furynet/furyhub/modules/guardian/types/genesis.pb.go:235.4,235.28 1 0
github.com/furynet/furyhub/modules/guardian/types/genesis.pb.go:238.4,238.19 1 0
github.com/furynet/furyhub/modules/guardian/types/genesis.pb.go:193.21,195.5 1 0
github.com/furynet/furyhub/modules/guardian/types/genesis.pb.go:197.39,198.20 1 0
github.com/furynet/furyhub/modules/guardian/types/genesis.pb.go:201.5,201.19 1 0
github.com/furynet/furyhub/modules/guardian/types/genesis.pb.go:204.5,207.17 4 0
github.com/furynet/furyhub/modules/guardian/types/genesis.pb.go:198.20,200.6 1 0
github.com/furynet/furyhub/modules/guardian/types/genesis.pb.go:201.19,203.6 1 0
github.com/furynet/furyhub/modules/guardian/types/genesis.pb.go:207.17,208.11 1 0
github.com/furynet/furyhub/modules/guardian/types/genesis.pb.go:211.18,213.5 1 0
github.com/furynet/furyhub/modules/guardian/types/genesis.pb.go:215.21,217.5 1 0
github.com/furynet/furyhub/modules/guardian/types/genesis.pb.go:218.21,220.5 1 0
github.com/furynet/furyhub/modules/guardian/types/genesis.pb.go:222.85,224.5 1 0
github.com/furynet/furyhub/modules/guardian/types/genesis.pb.go:229.18,231.5 1 0
github.com/furynet/furyhub/modules/guardian/types/genesis.pb.go:232.42,234.5 1 0
github.com/furynet/furyhub/modules/guardian/types/genesis.pb.go:235.28,237.5 1 0
github.com/furynet/furyhub/modules/guardian/types/genesis.pb.go:242.15,244.3 1 0
github.com/furynet/furyhub/modules/guardian/types/genesis.pb.go:247.50,251.16 4 0
github.com/furynet/furyhub/modules/guardian/types/genesis.pb.go:323.2,323.31 1 0
github.com/furynet/furyhub/modules/guardian/types/genesis.pb.go:251.16,253.38 2 0
github.com/furynet/furyhub/modules/guardian/types/genesis.pb.go:267.3,268.19 2 0
github.com/furynet/furyhub/modules/guardian/types/genesis.pb.go:316.3,316.16 1 0
github.com/furynet/furyhub/modules/guardian/types/genesis.pb.go:319.3,319.17 1 0
github.com/furynet/furyhub/modules/guardian/types/genesis.pb.go:253.38,254.19 1 0
github.com/furynet/furyhub/modules/guardian/types/genesis.pb.go:257.4,257.18 1 0
github.com/furynet/furyhub/modules/guardian/types/genesis.pb.go:260.4,263.16 4 0
github.com/furynet/furyhub/modules/guardian/types/genesis.pb.go:254.19,256.5 1 0
github.com/furynet/furyhub/modules/guardian/types/genesis.pb.go:257.18,259.5 1 0
github.com/furynet/furyhub/modules/guardian/types/genesis.pb.go:263.16,264.10 1 0
github.com/furynet/furyhub/modules/guardian/types/genesis.pb.go:269.10,270.39 1 0
github.com/furynet/furyhub/modules/guardian/types/genesis.pb.go:282.10,283.14 1 0
github.com/furynet/furyhub/modules/guardian/types/genesis.pb.go:284.10,286.39 2 0
github.com/furynet/furyhub/modules/guardian/types/genesis.pb.go:300.4,300.18 1 0
github.com/furynet/furyhub/modules/guardian/types/genesis.pb.go:303.4,303.19 1 0
github.com/furynet/furyhub/modules/guardian/types/genesis.pb.go:304.10,305.11 1 0
github.com/furynet/furyhub/modules/guardian/types/genesis.pb.go:306.10,307.18 1 0
github.com/furynet/furyhub/modules/guardian/types/genesis.pb.go:310.4,310.11 1 0
github.com/furynet/furyhub/modules/guardian/types/genesis.pb.go:311.10,312.14 1 0
github.com/furynet/furyhub/modules/guardian/types/genesis.pb.go:313.11,314.64 1 0
github.com/furynet/furyhub/modules/guardian/types/genesis.pb.go:270.39,271.20 1 0
github.com/furynet/furyhub/modules/guardian/types/genesis.pb.go:274.5,274.19 1 0
github.com/furynet/furyhub/modules/guardian/types/genesis.pb.go:277.5,278.29 2 0
github.com/furynet/furyhub/modules/guardian/types/genesis.pb.go:271.20,273.6 1 0
github.com/furynet/furyhub/modules/guardian/types/genesis.pb.go:274.19,276.6 1 0
github.com/furynet/furyhub/modules/guardian/types/genesis.pb.go:278.29,279.11 1 0
github.com/furynet/furyhub/modules/guardian/types/genesis.pb.go:286.39,287.20 1 0
github.com/furynet/furyhub/modules/guardian/types/genesis.pb.go:290.5,290.19 1 0
github.com/furynet/furyhub/modules/guardian/types/genesis.pb.go:293.5,296.17 4 0
github.com/furynet/furyhub/modules/guardian/types/genesis.pb.go:287.20,289.6 1 0
github.com/furynet/furyhub/modules/guardian/types/genesis.pb.go:290.19,292.6 1 0
github.com/furynet/furyhub/modules/guardian/types/genesis.pb.go:296.17,297.11 1 0
github.com/furynet/furyhub/modules/guardian/types/genesis.pb.go:300.18,302.5 1 0
github.com/furynet/furyhub/modules/guardian/types/genesis.pb.go:307.18,309.5 1 0
github.com/furynet/furyhub/modules/guardian/types/genesis.pb.go:316.16,318.4 1 0
github.com/furynet/furyhub/modules/guardian/types/genesis.pb.go:319.17,321.4 1 0
github.com/furynet/furyhub/modules/guardian/types/guardian.pb.go:46.38,48.2 1 0
github.com/furynet/furyhub/modules/guardian/types/guardian.pb.go:50.53,52.2 1 0
github.com/furynet/furyhub/modules/guardian/types/guardian.pb.go:62.33,62.49 1 0
github.com/furynet/furyhub/modules/guardian/types/guardian.pb.go:63.33,63.70 1 0
github.com/furynet/furyhub/modules/guardian/types/guardian.pb.go:64.34,64.35 0 0
github.com/furynet/furyhub/modules/guardian/types/guardian.pb.go:65.44,67.2 1 0
github.com/furynet/furyhub/modules/guardian/types/guardian.pb.go:68.47,70.2 1 0
github.com/furynet/furyhub/modules/guardian/types/guardian.pb.go:71.75,72.19 1 0
github.com/furynet/furyhub/modules/guardian/types/guardian.pb.go:72.19,74.3 1 0
github.com/furynet/furyhub/modules/guardian/types/guardian.pb.go:74.8,77.17 3 0
github.com/furynet/furyhub/modules/guardian/types/guardian.pb.go:80.3,80.20 1 0
github.com/furynet/furyhub/modules/guardian/types/guardian.pb.go:77.17,79.4 1 0
github.com/furynet/furyhub/modules/guardian/types/guardian.pb.go:83.46,85.2 1 0
github.com/furynet/furyhub/modules/guardian/types/guardian.pb.go:86.32,88.2 1 0
github.com/furynet/furyhub/modules/guardian/types/guardian.pb.go:89.38,91.2 1 0
github.com/furynet/furyhub/modules/guardian/types/guardian.pb.go:95.41,96.14 1 0
github.com/furynet/furyhub/modules/guardian/types/guardian.pb.go:99.2,99.11 1 0
github.com/furynet/furyhub/modules/guardian/types/guardian.pb.go:96.14,98.3 1 0
github.com/furynet/furyhub/modules/guardian/types/guardian.pb.go:102.46,103.14 1 0
github.com/furynet/furyhub/modules/guardian/types/guardian.pb.go:106.2,106.16 1 0
github.com/furynet/furyhub/modules/guardian/types/guardian.pb.go:103.14,105.3 1 0
github.com/furynet/furyhub/modules/guardian/types/guardian.pb.go:109.37,110.14 1 0
github.com/furynet/furyhub/modules/guardian/types/guardian.pb.go:113.2,113.11 1 0
github.com/furynet/furyhub/modules/guardian/types/guardian.pb.go:110.14,112.3 1 0
github.com/furynet/furyhub/modules/guardian/types/guardian.pb.go:116.37,117.14 1 0
github.com/furynet/furyhub/modules/guardian/types/guardian.pb.go:120.2,120.11 1 0
github.com/furynet/furyhub/modules/guardian/types/guardian.pb.go:117.14,119.3 1 0
github.com/furynet/furyhub/modules/guardian/types/guardian.pb.go:123.13,126.2 2 1
github.com/furynet/furyhub/modules/guardian/types/guardian.pb.go:128.13,128.95 1 1
github.com/furynet/furyhub/modules/guardian/types/guardian.pb.go:155.52,159.16 4 0
github.com/furynet/furyhub/modules/guardian/types/guardian.pb.go:162.2,162.22 1 0
github.com/furynet/furyhub/modules/guardian/types/guardian.pb.go:159.16,161.3 1 0
github.com/furynet/furyhub/modules/guardian/types/guardian.pb.go:165.53,168.2 2 0
github.com/furynet/furyhub/modules/guardian/types/guardian.pb.go:170.64,175.24 5 0
github.com/furynet/furyhub/modules/guardian/types/guardian.pb.go:182.2,182.24 1 0
github.com/furynet/furyhub/modules/guardian/types/guardian.pb.go:189.2,189.24 1 0
github.com/furynet/furyhub/modules/guardian/types/guardian.pb.go:194.2,194.28 1 0
github.com/furynet/furyhub/modules/guardian/types/guardian.pb.go:201.2,201.27 1 0
github.com/furynet/furyhub/modules/guardian/types/guardian.pb.go:175.24,181.3 5 0
github.com/furynet/furyhub/modules/guardian/types/guardian.pb.go:182.24,188.3 5 0
github.com/furynet/furyhub/modules/guardian/types/guardian.pb.go:189.24,193.3 3 0
github.com/furynet/furyhub/modules/guardian/types/guardian.pb.go:194.28,200.3 5 0
github.com/furynet/furyhub/modules/guardian/types/guardian.pb.go:204.66,207.16 3 0
github.com/furynet/furyhub/modules/guardian/types/guardian.pb.go:212.2,213.13 2 0
github.com/furynet/furyhub/modules/guardian/types/guardian.pb.go:207.16,211.3 3 0
github.com/furynet/furyhub/modules/guardian/types/guardian.pb.go:215.32,216.14 1 0
github.com/furynet/furyhub/modules/guardian/types/guardian.pb.go:219.2,222.11 4 0
github.com/furynet/furyhub/modules/guardian/types/guardian.pb.go:225.2,225.24 1 0
github.com/furynet/furyhub/modules/guardian/types/guardian.pb.go:228.2,229.11 2 0
github.com/furynet/furyhub/modules/guardian/types/guardian.pb.go:232.2,233.11 2 0
github.com/furynet/furyhub/modules/guardian/types/guardian.pb.go:236.2,236.10 1 0
github.com/furynet/furyhub/modules/guardian/types/guardian.pb.go:216.14,218.3 1 0
github.com/furynet/furyhub/modules/guardian/types/guardian.pb.go:222.11,224.3 1 0
github.com/furynet/furyhub/modules/guardian/types/guardian.pb.go:225.24,227.3 1 0
github.com/furynet/furyhub/modules/guardian/types/guardian.pb.go:229.11,231.3 1 0
github.com/furynet/furyhub/modules/guardian/types/guardian.pb.go:233.11,235.3 1 0
github.com/furynet/furyhub/modules/guardian/types/guardian.pb.go:239.36,241.2 1 0
github.com/furynet/furyhub/modules/guardian/types/guardian.pb.go:242.36,244.2 1 0
github.com/furynet/furyhub/modules/guardian/types/guardian.pb.go:245.46,248.16 3 0
github.com/furynet/furyhub/modules/guardian/types/guardian.pb.go:405.2,405.15 1 0
github.com/furynet/furyhub/modules/guardian/types/guardian.pb.go:408.2,408.12 1 0
github.com/furynet/furyhub/modules/guardian/types/guardian.pb.go:248.16,251.38 3 0
github.com/furynet/furyhub/modules/guardian/types/guardian.pb.go:265.3,267.20 3 0
github.com/furynet/furyhub/modules/guardian/types/guardian.pb.go:270.3,270.20 1 0
github.com/furynet/furyhub/modules/guardian/types/guardian.pb.go:273.3,273.19 1 0
github.com/furynet/furyhub/modules/guardian/types/guardian.pb.go:251.38,252.19 1 0
github.com/furynet/furyhub/modules/guardian/types/guardian.pb.go:255.4,255.18 1 0
github.com/furynet/furyhub/modules/guardian/types/guardian.pb.go:258.4,261.16 4 0
github.com/furynet/furyhub/modules/guardian/types/guardian.pb.go:252.19,254.5 1 0
github.com/furynet/furyhub/modules/guardian/types/guardian.pb.go:255.18,257.5 1 0
github.com/furynet/furyhub/modules/guardian/types/guardian.pb.go:261.16,262.10 1 0
github.com/furynet/furyhub/modules/guardian/types/guardian.pb.go:267.20,269.4 1 0
github.com/furynet/furyhub/modules/guardian/types/guardian.pb.go:270.20,272.4 1 0
github.com/furynet/furyhub/modules/guardian/types/guardian.pb.go:274.10,275.21 1 0
github.com/furynet/furyhub/modules/guardian/types/guardian.pb.go:278.4,279.39 2 0
github.com/furynet/furyhub/modules/guardian/types/guardian.pb.go:293.4,294.24 2 0
github.com/furynet/furyhub/modules/guardian/types/guardian.pb.go:297.4,298.21 2 0
github.com/furynet/furyhub/modules/guardian/types/guardian.pb.go:301.4,301.21 1 0
github.com/furynet/furyhub/modules/guardian/types/guardian.pb.go:304.4,305.21 2 0
github.com/furynet/furyhub/modules/guardian/types/guardian.pb.go:306.10,307.21 1 0
github.com/furynet/furyhub/modules/guardian/types/guardian.pb.go:310.4,311.39 2 0
github.com/furynet/furyhub/modules/guardian/types/guardian.pb.go:325.10,326.21 1 0
github.com/furynet/furyhub/modules/guardian/types/guardian.pb.go:329.4,330.39 2 0
github.com/furynet/furyhub/modules/guardian/types/guardian.pb.go:344.4,345.24 2 0
github.com/furynet/furyhub/modules/guardian/types/guardian.pb.go:348.4,349.21 2 0
github.com/furynet/furyhub/modules/guardian/types/guardian.pb.go:352.4,352.21 1 0
github.com/furynet/furyhub/modules/guardian/types/guardian.pb.go:355.4,356.21 2 0
github.com/furynet/furyhub/modules/guardian/types/guardian.pb.go:357.10,358.21 1 0
github.com/furynet/furyhub/modules/guardian/types/guardian.pb.go:361.4,362.39 2 0
github.com/furynet/furyhub/modules/guardian/types/guardian.pb.go:376.4,377.24 2 0
github.com/furynet/furyhub/modules/guardian/types/guardian.pb.go:380.4,381.21 2 0
github.com/furynet/furyhub/modules/guardian/types/guardian.pb.go:384.4,384.21 1 0
github.com/furynet/furyhub/modules/guardian/types/guardian.pb.go:387.4,388.21 2 0
github.com/furynet/furyhub/modules/guardian/types/guardian.pb.go:389.11,392.18 3 0
github.com/furynet/furyhub/modules/guardian/types/guardian.pb.go:395.4,395.42 1 0
github.com/furynet/furyhub/modules/guardian/types/guardian.pb.go:398.4,398.28 1 0
github.com/furynet/furyhub/modules/guardian/types/guardian.pb.go:401.4,401.19 1 0
github.com/furynet/furyhub/modules/guardian/types/guardian.pb.go:275.21,277.5 1 0
github.com/furynet/furyhub/modules/guardian/types/guardian.pb.go:279.39,280.20 1 0
github.com/furynet/furyhub/modules/guardian/types/guardian.pb.go:283.5,283.19 1 0
github.com/furynet/furyhub/modules/guardian/types/guardian.pb.go:286.5,289.17 4 0
github.com/furynet/furyhub/modules/guardian/types/guardian.pb.go:280.20,282.6 1 0
github.com/furynet/furyhub/modules/guardian/types/guardian.pb.go:283.19,285.6 1 0
github.com/furynet/furyhub/modules/guardian/types/guardian.pb.go:289.17,290.11 1 0
github.com/furynet/furyhub/modules/guardian/types/guardian.pb.go:294.24,296.5 1 0
github.com/furynet/furyhub/modules/guardian/types/guardian.pb.go:298.21,300.5 1 0
github.com/furynet/furyhub/modules/guardian/types/guardian.pb.go:301.21,303.5 1 0
github.com/furynet/furyhub/modules/guardian/types/guardian.pb.go:307.21,309.5 1 0
github.com/furynet/furyhub/modules/guardian/types/guardian.pb.go:311.39,312.20 1 0
github.com/furynet/furyhub/modules/guardian/types/guardian.pb.go:315.5,315.19 1 0
github.com/furynet/furyhub/modules/guardian/types/guardian.pb.go:318.5,321.17 4 0
github.com/furynet/furyhub/modules/guardian/types/guardian.pb.go:312.20,314.6 1 0
github.com/furynet/furyhub/modules/guardian/types/guardian.pb.go:315.19,317.6 1 0
github.com/furynet/furyhub/modules/guardian/types/guardian.pb.go:321.17,322.11 1 0
github.com/furynet/furyhub/modules/guardian/types/guardian.pb.go:326.21,328.5 1 0
github.com/furynet/furyhub/modules/guardian/types/guardian.pb.go:330.39,331.20 1 0
github.com/furynet/furyhub/modules/guardian/types/guardian.pb.go:334.5,334.19 1 0
github.com/furynet/furyhub/modules/guardian/types/guardian.pb.go:337.5,340.17 4 0
github.com/furynet/furyhub/modules/guardian/types/guardian.pb.go:331.20,333.6 1 0
github.com/furynet/furyhub/modules/guardian/types/guardian.pb.go:334.19,336.6 1 0
github.com/furynet/furyhub/modules/guardian/types/guardian.pb.go:340.17,341.11 1 0
github.com/furynet/furyhub/modules/guardian/types/guardian.pb.go:345.24,347.5 1 0
github.com/furynet/furyhub/modules/guardian/types/guardian.pb.go:349.21,351.5 1 0
github.com/furynet/furyhub/modules/guardian/types/guardian.pb.go:352.21,354.5 1 0
github.com/furynet/furyhub/modules/guardian/types/guardian.pb.go:358.21,360.5 1 0
github.com/furynet/furyhub/modules/guardian/types/guardian.pb.go:362.39,363.20 1 0
github.com/furynet/furyhub/modules/guardian/types/guardian.pb.go:366.5,366.19 1 0
github.com/furynet/furyhub/modules/guardian/types/guardian.pb.go:369.5,372.17 4 0
github.com/furynet/furyhub/modules/guardian/types/guardian.pb.go:363.20,365.6 1 0
github.com/furynet/furyhub/modules/guardian/types/guardian.pb.go:366.19,368.6 1 0
github.com/furynet/furyhub/modules/guardian/types/guardian.pb.go:372.17,373.11 1 0
github.com/furynet/furyhub/modules/guardian/types/guardian.pb.go:377.24,379.5 1 0
github.com/furynet/furyhub/modules/guardian/types/guardian.pb.go:381.21,383.5 1 0
github.com/furynet/furyhub/modules/guardian/types/guardian.pb.go:384.21,386.5 1 0
github.com/furynet/furyhub/modules/guardian/types/guardian.pb.go:392.18,394.5 1 0
github.com/furynet/furyhub/modules/guardian/types/guardian.pb.go:395.42,397.5 1 0
github.com/furynet/furyhub/modules/guardian/types/guardian.pb.go:398.28,400.5 1 0
github.com/furynet/furyhub/modules/guardian/types/guardian.pb.go:405.15,407.3 1 0
github.com/furynet/furyhub/modules/guardian/types/guardian.pb.go:410.51,414.16 4 0
github.com/furynet/furyhub/modules/guardian/types/guardian.pb.go:486.2,486.31 1 0
github.com/furynet/furyhub/modules/guardian/types/guardian.pb.go:414.16,416.38 2 0
github.com/furynet/furyhub/modules/guardian/types/guardian.pb.go:430.3,431.19 2 0
github.com/furynet/furyhub/modules/guardian/types/guardian.pb.go:479.3,479.16 1 0
github.com/furynet/furyhub/modules/guardian/types/guardian.pb.go:482.3,482.17 1 0
github.com/furynet/furyhub/modules/guardian/types/guardian.pb.go:416.38,417.19 1 0
github.com/furynet/furyhub/modules/guardian/types/guardian.pb.go:420.4,420.18 1 0
github.com/furynet/furyhub/modules/guardian/types/guardian.pb.go:423.4,426.16 4 0
github.com/furynet/furyhub/modules/guardian/types/guardian.pb.go:417.19,419.5 1 0
github.com/furynet/furyhub/modules/guardian/types/guardian.pb.go:420.18,422.5 1 0
github.com/furynet/furyhub/modules/guardian/types/guardian.pb.go:426.16,427.10 1 0
github.com/furynet/furyhub/modules/guardian/types/guardian.pb.go:432.10,433.39 1 0
github.com/furynet/furyhub/modules/guardian/types/guardian.pb.go:445.10,446.14 1 0
github.com/furynet/furyhub/modules/guardian/types/guardian.pb.go:447.10,449.39 2 0
github.com/furynet/furyhub/modules/guardian/types/guardian.pb.go:463.4,463.18 1 0
github.com/furynet/furyhub/modules/guardian/types/guardian.pb.go:466.4,466.19 1 0
github.com/furynet/furyhub/modules/guardian/types/guardian.pb.go:467.10,468.11 1 0
github.com/furynet/furyhub/modules/guardian/types/guardian.pb.go:469.10,470.18 1 0
github.com/furynet/furyhub/modules/guardian/types/guardian.pb.go:473.4,473.11 1 0
github.com/furynet/furyhub/modules/guardian/types/guardian.pb.go:474.10,475.14 1 0
github.com/furynet/furyhub/modules/guardian/types/guardian.pb.go:476.11,477.64 1 0
github.com/furynet/furyhub/modules/guardian/types/guardian.pb.go:433.39,434.20 1 0
github.com/furynet/furyhub/modules/guardian/types/guardian.pb.go:437.5,437.19 1 0
github.com/furynet/furyhub/modules/guardian/types/guardian.pb.go:440.5,441.29 2 0
github.com/furynet/furyhub/modules/guardian/types/guardian.pb.go:434.20,436.6 1 0
github.com/furynet/furyhub/modules/guardian/types/guardian.pb.go:437.19,439.6 1 0
github.com/furynet/furyhub/modules/guardian/types/guardian.pb.go:441.29,442.11 1 0
github.com/furynet/furyhub/modules/guardian/types/guardian.pb.go:449.39,450.20 1 0
github.com/furynet/furyhub/modules/guardian/types/guardian.pb.go:453.5,453.19 1 0
github.com/furynet/furyhub/modules/guardian/types/guardian.pb.go:456.5,459.17 4 0
github.com/furynet/furyhub/modules/guardian/types/guardian.pb.go:450.20,452.6 1 0
github.com/furynet/furyhub/modules/guardian/types/guardian.pb.go:453.19,455.6 1 0
github.com/furynet/furyhub/modules/guardian/types/guardian.pb.go:459.17,460.11 1 0
github.com/furynet/furyhub/modules/guardian/types/guardian.pb.go:463.18,465.5 1 0
github.com/furynet/furyhub/modules/guardian/types/guardian.pb.go:470.18,472.5 1 0
github.com/furynet/furyhub/modules/guardian/types/guardian.pb.go:479.16,481.4 1 0
github.com/furynet/furyhub/modules/guardian/types/guardian.pb.go:482.17,484.4 1 0
github.com/furynet/furyhub/modules/guardian/types/keys.go:30.46,32.2 1 0
github.com/furynet/furyhub/modules/guardian/types/keys.go:35.36,37.2 1 0
github.com/furynet/furyhub/modules/guardian/types/msgs.go:19.87,25.2 1 9
github.com/furynet/furyhub/modules/guardian/types/msgs.go:28.39,28.59 1 1
github.com/furynet/furyhub/modules/guardian/types/msgs.go:31.38,31.64 1 1
github.com/furynet/furyhub/modules/guardian/types/msgs.go:34.46,36.16 2 1
github.com/furynet/furyhub/modules/guardian/types/msgs.go:39.2,39.28 1 1
github.com/furynet/furyhub/modules/guardian/types/msgs.go:36.16,37.13 1 0
github.com/furynet/furyhub/modules/guardian/types/msgs.go:43.46,44.31 1 4
github.com/furynet/furyhub/modules/guardian/types/msgs.go:47.2,47.65 1 3
github.com/furynet/furyhub/modules/guardian/types/msgs.go:50.2,50.65 1 2
github.com/furynet/furyhub/modules/guardian/types/msgs.go:53.2,53.43 1 1
github.com/furynet/furyhub/modules/guardian/types/msgs.go:56.2,56.12 1 1
github.com/furynet/furyhub/modules/guardian/types/msgs.go:44.31,46.3 1 1
github.com/furynet/furyhub/modules/guardian/types/msgs.go:47.65,49.3 1 1
github.com/furynet/furyhub/modules/guardian/types/msgs.go:50.65,52.3 1 1
github.com/furynet/furyhub/modules/guardian/types/msgs.go:53.43,55.3 1 0
github.com/furynet/furyhub/modules/guardian/types/msgs.go:60.54,62.16 2 1
github.com/furynet/furyhub/modules/guardian/types/msgs.go:65.2,65.31 1 1
github.com/furynet/furyhub/modules/guardian/types/msgs.go:62.16,63.13 1 0
github.com/furynet/furyhub/modules/guardian/types/msgs.go:71.75,76.2 1 8
github.com/furynet/furyhub/modules/guardian/types/msgs.go:79.42,79.62 1 1
github.com/furynet/furyhub/modules/guardian/types/msgs.go:82.41,82.70 1 1
github.com/furynet/furyhub/modules/guardian/types/msgs.go:85.49,87.16 2 1
github.com/furynet/furyhub/modules/guardian/types/msgs.go:90.2,90.28 1 1
github.com/furynet/furyhub/modules/guardian/types/msgs.go:87.16,88.13 1 0
github.com/furynet/furyhub/modules/guardian/types/msgs.go:94.49,95.65 1 3
github.com/furynet/furyhub/modules/guardian/types/msgs.go:98.2,98.67 1 2
github.com/furynet/furyhub/modules/guardian/types/msgs.go:101.2,101.12 1 1
github.com/furynet/furyhub/modules/guardian/types/msgs.go:95.65,97.3 1 1
github.com/furynet/furyhub/modules/guardian/types/msgs.go:98.67,100.3 1 1
github.com/furynet/furyhub/modules/guardian/types/msgs.go:105.57,107.16 2 1
github.com/furynet/furyhub/modules/guardian/types/msgs.go:110.2,110.31 1 1
github.com/furynet/furyhub/modules/guardian/types/msgs.go:107.16,108.13 1 0
github.com/furynet/furyhub/modules/guardian/types/msgs.go:114.45,115.31 1 1
github.com/furynet/furyhub/modules/guardian/types/msgs.go:118.2,118.12 1 1
github.com/furynet/furyhub/modules/guardian/types/msgs.go:115.31,117.3 1 0
github.com/furynet/furyhub/modules/guardian/types/query.pb.go:39.46,39.75 1 0
github.com/furynet/furyhub/modules/guardian/types/query.pb.go:40.46,40.83 1 0
github.com/furynet/furyhub/modules/guardian/types/query.pb.go:41.47,41.48 0 0
github.com/furynet/furyhub/modules/guardian/types/query.pb.go:42.57,44.2 1 0
github.com/furynet/furyhub/modules/guardian/types/query.pb.go:45.60,47.2 1 0
github.com/furynet/furyhub/modules/guardian/types/query.pb.go:48.88,49.19 1 0
github.com/furynet/furyhub/modules/guardian/types/query.pb.go:49.19,51.3 1 0
github.com/furynet/furyhub/modules/guardian/types/query.pb.go:51.8,54.17 3 0
github.com/furynet/furyhub/modules/guardian/types/query.pb.go:57.3,57.20 1 0
github.com/furynet/furyhub/modules/guardian/types/query.pb.go:54.17,56.4 1 0
github.com/furynet/furyhub/modules/guardian/types/query.pb.go:60.59,62.2 1 0
github.com/furynet/furyhub/modules/guardian/types/query.pb.go:63.45,65.2 1 0
github.com/furynet/furyhub/modules/guardian/types/query.pb.go:66.51,68.2 1 0
github.com/furynet/furyhub/modules/guardian/types/query.pb.go:72.65,73.14 1 0
github.com/furynet/furyhub/modules/guardian/types/query.pb.go:76.2,76.12 1 0
github.com/furynet/furyhub/modules/guardian/types/query.pb.go:73.14,75.3 1 0
github.com/furynet/furyhub/modules/guardian/types/query.pb.go:85.47,85.77 1 0
github.com/furynet/furyhub/modules/guardian/types/query.pb.go:86.47,86.84 1 0
github.com/furynet/furyhub/modules/guardian/types/query.pb.go:87.48,87.49 0 0
github.com/furynet/furyhub/modules/guardian/types/query.pb.go:88.58,90.2 1 0
github.com/furynet/furyhub/modules/guardian/types/query.pb.go:91.61,93.2 1 0
github.com/furynet/furyhub/modules/guardian/types/query.pb.go:94.89,95.19 1 0
github.com/furynet/furyhub/modules/guardian/types/query.pb.go:95.19,97.3 1 0
github.com/furynet/furyhub/modules/guardian/types/query.pb.go:97.8,100.17 3 0
github.com/furynet/furyhub/modules/guardian/types/query.pb.go:103.3,103.20 1 0
github.com/furynet/furyhub/modules/guardian/types/query.pb.go:100.17,102.4 1 0
github.com/furynet/furyhub/modules/guardian/types/query.pb.go:106.60,108.2 1 0
github.com/furynet/furyhub/modules/guardian/types/query.pb.go:109.46,111.2 1 0
github.com/furynet/furyhub/modules/guardian/types/query.pb.go:112.52,114.2 1 0
github.com/furynet/furyhub/modules/guardian/types/query.pb.go:118.51,119.14 1 0
github.com/furynet/furyhub/modules/guardian/types/query.pb.go:122.2,122.12 1 0
github.com/furynet/furyhub/modules/guardian/types/query.pb.go:119.14,121.3 1 0
github.com/furynet/furyhub/modules/guardian/types/query.pb.go:125.67,126.14 1 0
github.com/furynet/furyhub/modules/guardian/types/query.pb.go:129.2,129.12 1 0
github.com/furynet/furyhub/modules/guardian/types/query.pb.go:126.14,128.3 1 0
github.com/furynet/furyhub/modules/guardian/types/query.pb.go:132.13,135.2 2 1
github.com/furynet/furyhub/modules/guardian/types/query.pb.go:137.13,137.92 1 1
github.com/furynet/furyhub/modules/guardian/types/query.pb.go:185.54,187.2 1 0
github.com/furynet/furyhub/modules/guardian/types/query.pb.go:189.130,192.16 3 0
github.com/furynet/furyhub/modules/guardian/types/query.pb.go:195.2,195.17 1 0
github.com/furynet/furyhub/modules/guardian/types/query.pb.go:192.16,194.3 1 0
github.com/furynet/furyhub/modules/guardian/types/query.pb.go:208.117,210.2 1 0
github.com/furynet/furyhub/modules/guardian/types/query.pb.go:212.59,214.2 1 0
github.com/furynet/furyhub/modules/guardian/types/query.pb.go:216.157,218.32 2 0
github.com/furynet/furyhub/modules/guardian/types/query.pb.go:221.2,221.24 1 0
github.com/furynet/furyhub/modules/guardian/types/query.pb.go:224.2,228.77 2 0
github.com/furynet/furyhub/modules/guardian/types/query.pb.go:231.2,231.44 1 0
github.com/furynet/furyhub/modules/guardian/types/query.pb.go:218.32,220.3 1 0
github.com/furynet/furyhub/modules/guardian/types/query.pb.go:221.24,223.3 1 0
github.com/furynet/furyhub/modules/guardian/types/query.pb.go:228.77,230.3 1 0
github.com/furynet/furyhub/modules/guardian/types/query.pb.go:247.65,251.16 4 0
github.com/furynet/furyhub/modules/guardian/types/query.pb.go:254.2,254.22 1 0
github.com/furynet/furyhub/modules/guardian/types/query.pb.go:251.16,253.3 1 0
github.com/furynet/furyhub/modules/guardian/types/query.pb.go:257.66,260.2 2 0
github.com/furynet/furyhub/modules/guardian/types/query.pb.go:262.77,267.25 5 0
github.com/furynet/furyhub/modules/guardian/types/query.pb.go:279.2,279.27 1 0
github.com/furynet/furyhub/modules/guardian/types/query.pb.go:267.25,268.3 1 0
github.com/furynet/furyhub/modules/guardian/types/query.pb.go:276.3,277.16 2 0
github.com/furynet/furyhub/modules/guardian/types/query.pb.go:268.3,270.18 2 0
github.com/furynet/furyhub/modules/guardian/types/query.pb.go:273.4,274.48 2 0
github.com/furynet/furyhub/modules/guardian/types/query.pb.go:270.18,272.5 1 0
github.com/furynet/furyhub/modules/guardian/types/query.pb.go:282.66,286.16 4 0
github.com/furynet/furyhub/modules/guardian/types/query.pb.go:289.2,289.22 1 0
github.com/furynet/furyhub/modules/guardian/types/query.pb.go:286.16,288.3 1 0
github.com/furynet/furyhub/modules/guardian/types/query.pb.go:292.67,295.2 2 0
github.com/furynet/furyhub/modules/guardian/types/query.pb.go:297.78,302.25 5 0
github.com/furynet/furyhub/modules/guardian/types/query.pb.go:314.2,314.23 1 0
github.com/furynet/furyhub/modules/guardian/types/query.pb.go:328.2,328.27 1 0
github.com/furynet/furyhub/modules/guardian/types/query.pb.go:302.25,303.3 1 0
github.com/furynet/furyhub/modules/guardian/types/query.pb.go:311.3,312.17 2 0
github.com/furynet/furyhub/modules/guardian/types/query.pb.go:303.3,305.18 2 0
github.com/furynet/furyhub/modules/guardian/types/query.pb.go:308.4,309.48 2 0
github.com/furynet/furyhub/modules/guardian/types/query.pb.go:305.18,307.5 1 0
github.com/furynet/furyhub/modules/guardian/types/query.pb.go:314.23,315.55 1 0
github.com/furynet/furyhub/modules/guardian/types/query.pb.go:315.55,316.4 1 0
github.com/furynet/furyhub/modules/guardian/types/query.pb.go:324.4,325.17 2 0
github.com/furynet/furyhub/modules/guardian/types/query.pb.go:316.4,318.19 2 0
github.com/furynet/furyhub/modules/guardian/types/query.pb.go:321.5,322.49 2 0
github.com/furynet/furyhub/modules/guardian/types/query.pb.go:318.19,320.6 1 0
github.com/furynet/furyhub/modules/guardian/types/query.pb.go:331.63,334.16 3 0
github.com/furynet/furyhub/modules/guardian/types/query.pb.go:339.2,340.13 2 0
github.com/furynet/furyhub/modules/guardian/types/query.pb.go:334.16,338.3 3 0
github.com/furynet/furyhub/modules/guardian/types/query.pb.go:342.45,343.14 1 0
github.com/furynet/furyhub/modules/guardian/types/query.pb.go:346.2,348.25 3 0
github.com/furynet/furyhub/modules/guardian/types/query.pb.go:352.2,352.10 1 0
github.com/furynet/furyhub/modules/guardian/types/query.pb.go:343.14,345.3 1 0
github.com/furynet/furyhub/modules/guardian/types/query.pb.go:348.25,351.3 2 0
github.com/furynet/furyhub/modules/guardian/types/query.pb.go:355.46,356.14 1 0
github.com/furynet/furyhub/modules/guardian/types/query.pb.go:359.2,361.23 3 0
github.com/furynet/furyhub/modules/guardian/types/query.pb.go:367.2,367.25 1 0
github.com/furynet/furyhub/modules/guardian/types/query.pb.go:371.2,371.10 1 0
github.com/furynet/furyhub/modules/guardian/types/query.pb.go:356.14,358.3 1 0
github.com/furynet/furyhub/modules/guardian/types/query.pb.go:361.23,362.30 1 0
github.com/furynet/furyhub/modules/guardian/types/query.pb.go:362.30,365.4 2 0
github.com/furynet/furyhub/modules/guardian/types/query.pb.go:367.25,370.3 2 0
github.com/furynet/furyhub/modules/guardian/types/query.pb.go:374.33,376.2 1 0
github.com/furynet/furyhub/modules/guardian/types/query.pb.go:377.33,379.2 1 0
github.com/furynet/furyhub/modules/guardian/types/query.pb.go:380.59,383.16 3 0
github.com/furynet/furyhub/modules/guardian/types/query.pb.go:461.2,461.15 1 0
github.com/furynet/furyhub/modules/guardian/types/query.pb.go:464.2,464.12 1 0
github.com/furynet/furyhub/modules/guardian/types/query.pb.go:383.16,386.38 3 0
github.com/furynet/furyhub/modules/guardian/types/query.pb.go:400.3,402.20 3 0
github.com/furynet/furyhub/modules/guardian/types/query.pb.go:405.3,405.20 1 0
github.com/furynet/furyhub/modules/guardian/types/query.pb.go:408.3,408.19 1 0
github.com/furynet/furyhub/modules/guardian/types/query.pb.go:386.38,387.19 1 0
github.com/furynet/furyhub/modules/guardian/types/query.pb.go:390.4,390.18 1 0
github.com/furynet/furyhub/modules/guardian/types/query.pb.go:393.4,396.16 4 0
github.com/furynet/furyhub/modules/guardian/types/query.pb.go:387.19,389.5 1 0
github.com/furynet/furyhub/modules/guardian/types/query.pb.go:390.18,392.5 1 0
github.com/furynet/furyhub/modules/guardian/types/query.pb.go:396.16,397.10 1 0
github.com/furynet/furyhub/modules/guardian/types/query.pb.go:402.20,404.4 1 0
github.com/furynet/furyhub/modules/guardian/types/query.pb.go:405.20,407.4 1 0
github.com/furynet/furyhub/modules/guardian/types/query.pb.go:409.10,410.21 1 0
github.com/furynet/furyhub/modules/guardian/types/query.pb.go:413.4,414.39 2 0
github.com/furynet/furyhub/modules/guardian/types/query.pb.go:428.4,428.18 1 0
github.com/furynet/furyhub/modules/guardian/types/query.pb.go:431.4,432.21 2 0
github.com/furynet/furyhub/modules/guardian/types/query.pb.go:435.4,435.21 1 0
github.com/furynet/furyhub/modules/guardian/types/query.pb.go:438.4,438.27 1 0
github.com/furynet/furyhub/modules/guardian/types/query.pb.go:441.4,441.72 1 0
github.com/furynet/furyhub/modules/guardian/types/query.pb.go:444.4,444.21 1 0
github.com/furynet/furyhub/modules/guardian/types/query.pb.go:445.11,448.18 3 0
github.com/furynet/furyhub/modules/guardian/types/query.pb.go:451.4,451.42 1 0
github.com/furynet/furyhub/modules/guardian/types/query.pb.go:454.4,454.28 1 0
github.com/furynet/furyhub/modules/guardian/types/query.pb.go:457.4,457.19 1 0
github.com/furynet/furyhub/modules/guardian/types/query.pb.go:410.21,412.5 1 0
github.com/furynet/furyhub/modules/guardian/types/query.pb.go:414.39,415.20 1 0
github.com/furynet/furyhub/modules/guardian/types/query.pb.go:418.5,418.19 1 0
github.com/furynet/furyhub/modules/guardian/types/query.pb.go:421.5,424.17 4 0
github.com/furynet/furyhub/modules/guardian/types/query.pb.go:415.20,417.6 1 0
github.com/furynet/furyhub/modules/guardian/types/query.pb.go:418.19,420.6 1 0
github.com/furynet/furyhub/modules/guardian/types/query.pb.go:424.17,425.11 1 0
github.com/furynet/furyhub/modules/guardian/types/query.pb.go:428.18,430.5 1 0
github.com/furynet/furyhub/modules/guardian/types/query.pb.go:432.21,434.5 1 0
github.com/furynet/furyhub/modules/guardian/types/query.pb.go:435.21,437.5 1 0
github.com/furynet/furyhub/modules/guardian/types/query.pb.go:438.27,440.5 1 0
github.com/furynet/furyhub/modules/guardian/types/query.pb.go:441.72,443.5 1 0
github.com/furynet/furyhub/modules/guardian/types/query.pb.go:448.18,450.5 1 0
github.com/furynet/furyhub/modules/guardian/types/query.pb.go:451.42,453.5 1 0
github.com/furynet/furyhub/modules/guardian/types/query.pb.go:454.28,456.5 1 0
github.com/furynet/furyhub/modules/guardian/types/query.pb.go:461.15,463.3 1 0
github.com/furynet/furyhub/modules/guardian/types/query.pb.go:466.60,469.16 3 0
github.com/furynet/furyhub/modules/guardian/types/query.pb.go:581.2,581.15 1 0
github.com/furynet/furyhub/modules/guardian/types/query.pb.go:584.2,584.12 1 0
github.com/furynet/furyhub/modules/guardian/types/query.pb.go:469.16,472.38 3 0
github.com/furynet/furyhub/modules/guardian/types/query.pb.go:486.3,488.20 3 0
github.com/furynet/furyhub/modules/guardian/types/query.pb.go:491.3,491.20 1 0
github.com/furynet/furyhub/modules/guardian/types/query.pb.go:494.3,494.19 1 0
github.com/furynet/furyhub/modules/guardian/types/query.pb.go:472.38,473.19 1 0
github.com/furynet/furyhub/modules/guardian/types/query.pb.go:476.4,476.18 1 0
github.com/furynet/furyhub/modules/guardian/types/query.pb.go:479.4,482.16 4 0
github.com/furynet/furyhub/modules/guardian/types/query.pb.go:473.19,475.5 1 0
github.com/furynet/furyhub/modules/guardian/types/query.pb.go:476.18,478.5 1 0
github.com/furynet/furyhub/modules/guardian/types/query.pb.go:482.16,483.10 1 0
github.com/furynet/furyhub/modules/guardian/types/query.pb.go:488.20,490.4 1 0
github.com/furynet/furyhub/modules/guardian/types/query.pb.go:491.20,493.4 1 0
github.com/furynet/furyhub/modules/guardian/types/query.pb.go:495.10,496.21 1 0
github.com/furynet/furyhub/modules/guardian/types/query.pb.go:499.4,500.39 2 0
github.com/furynet/furyhub/modules/guardian/types/query.pb.go:514.4,514.18 1 0
github.com/furynet/furyhub/modules/guardian/types/query.pb.go:517.4,518.21 2 0
github.com/furynet/furyhub/modules/guardian/types/query.pb.go:521.4,521.21 1 0
github.com/furynet/furyhub/modules/guardian/types/query.pb.go:524.4,525.85 2 0
github.com/furynet/furyhub/modules/guardian/types/query.pb.go:528.4,528.21 1 0
github.com/furynet/furyhub/modules/guardian/types/query.pb.go:529.10,530.21 1 0
github.com/furynet/furyhub/modules/guardian/types/query.pb.go:533.4,534.39 2 0
github.com/furynet/furyhub/modules/guardian/types/query.pb.go:548.4,548.18 1 0
github.com/furynet/furyhub/modules/guardian/types/query.pb.go:551.4,552.21 2 0
github.com/furynet/furyhub/modules/guardian/types/query.pb.go:555.4,555.21 1 0
github.com/furynet/furyhub/modules/guardian/types/query.pb.go:558.4,558.27 1 0
github.com/furynet/furyhub/modules/guardian/types/query.pb.go:561.4,561.72 1 0
github.com/furynet/furyhub/modules/guardian/types/query.pb.go:564.4,564.21 1 0
github.com/furynet/furyhub/modules/guardian/types/query.pb.go:565.11,568.18 3 0
github.com/furynet/furyhub/modules/guardian/types/query.pb.go:571.4,571.42 1 0
github.com/furynet/furyhub/modules/guardian/types/query.pb.go:574.4,574.28 1 0
github.com/furynet/furyhub/modules/guardian/types/query.pb.go:577.4,577.19 1 0
github.com/furynet/furyhub/modules/guardian/types/query.pb.go:496.21,498.5 1 0
github.com/furynet/furyhub/modules/guardian/types/query.pb.go:500.39,501.20 1 0
github.com/furynet/furyhub/modules/guardian/types/query.pb.go:504.5,504.19 1 0
github.com/furynet/furyhub/modules/guardian/types/query.pb.go:507.5,510.17 4 0
github.com/furynet/furyhub/modules/guardian/types/query.pb.go:501.20,503.6 1 0
github.com/furynet/furyhub/modules/guardian/types/query.pb.go:504.19,506.6 1 0
github.com/furynet/furyhub/modules/guardian/types/query.pb.go:510.17,511.11 1 0
github.com/furynet/furyhub/modules/guardian/types/query.pb.go:514.18,516.5 1 0
github.com/furynet/furyhub/modules/guardian/types/query.pb.go:518.21,520.5 1 0
github.com/furynet/furyhub/modules/guardian/types/query.pb.go:521.21,523.5 1 0
github.com/furynet/furyhub/modules/guardian/types/query.pb.go:525.85,527.5 1 0
github.com/furynet/furyhub/modules/guardian/types/query.pb.go:530.21,532.5 1 0
github.com/furynet/furyhub/modules/guardian/types/query.pb.go:534.39,535.20 1 0
github.com/furynet/furyhub/modules/guardian/types/query.pb.go:538.5,538.19 1 0
github.com/furynet/furyhub/modules/guardian/types/query.pb.go:541.5,544.17 4 0
github.com/furynet/furyhub/modules/guardian/types/query.pb.go:535.20,537.6 1 0
github.com/furynet/furyhub/modules/guardian/types/query.pb.go:538.19,540.6 1 0
github.com/furynet/furyhub/modules/guardian/types/query.pb.go:544.17,545.11 1 0
github.com/furynet/furyhub/modules/guardian/types/query.pb.go:548.18,550.5 1 0
github.com/furynet/furyhub/modules/guardian/types/query.pb.go:552.21,554.5 1 0
github.com/furynet/furyhub/modules/guardian/types/query.pb.go:555.21,557.5 1 0
github.com/furynet/furyhub/modules/guardian/types/query.pb.go:558.27,560.5 1 0
github.com/furynet/furyhub/modules/guardian/types/query.pb.go:561.72,563.5 1 0
github.com/furynet/furyhub/modules/guardian/types/query.pb.go:568.18,570.5 1 0
github.com/furynet/furyhub/modules/guardian/types/query.pb.go:571.42,573.5 1 0
github.com/furynet/furyhub/modules/guardian/types/query.pb.go:574.28,576.5 1 0
github.com/furynet/furyhub/modules/guardian/types/query.pb.go:581.15,583.3 1 0
github.com/furynet/furyhub/modules/guardian/types/query.pb.go:586.48,590.16 4 0
github.com/furynet/furyhub/modules/guardian/types/query.pb.go:662.2,662.31 1 0
github.com/furynet/furyhub/modules/guardian/types/query.pb.go:590.16,592.38 2 0
github.com/furynet/furyhub/modules/guardian/types/query.pb.go:606.3,607.19 2 0
github.com/furynet/furyhub/modules/guardian/types/query.pb.go:655.3,655.16 1 0
github.com/furynet/furyhub/modules/guardian/types/query.pb.go:658.3,658.17 1 0
github.com/furynet/furyhub/modules/guardian/types/query.pb.go:592.38,593.19 1 0
github.com/furynet/furyhub/modules/guardian/types/query.pb.go:596.4,596.18 1 0
github.com/furynet/furyhub/modules/guardian/types/query.pb.go:599.4,602.16 4 0
github.com/furynet/furyhub/modules/guardian/types/query.pb.go:593.19,595.5 1 0
github.com/furynet/furyhub/modules/guardian/types/query.pb.go:596.18,598.5 1 0
github.com/furynet/furyhub/modules/guardian/types/query.pb.go:602.16,603.10 1 0
github.com/furynet/furyhub/modules/guardian/types/query.pb.go:608.10,609.39 1 0
github.com/furynet/furyhub/modules/guardian/types/query.pb.go:621.10,622.14 1 0
github.com/furynet/furyhub/modules/guardian/types/query.pb.go:623.10,625.39 2 0
github.com/furynet/furyhub/modules/guardian/types/query.pb.go:639.4,639.18 1 0
github.com/furynet/furyhub/modules/guardian/types/query.pb.go:642.4,642.19 1 0
github.com/furynet/furyhub/modules/guardian/types/query.pb.go:643.10,644.11 1 0
github.com/furynet/furyhub/modules/guardian/types/query.pb.go:645.10,646.18 1 0
github.com/furynet/furyhub/modules/guardian/types/query.pb.go:649.4,649.11 1 0
github.com/furynet/furyhub/modules/guardian/types/query.pb.go:650.10,651.14 1 0
github.com/furynet/furyhub/modules/guardian/types/query.pb.go:652.11,653.64 1 0
github.com/furynet/furyhub/modules/guardian/types/query.pb.go:609.39,610.20 1 0
github.com/furynet/furyhub/modules/guardian/types/query.pb.go:613.5,613.19 1 0
github.com/furynet/furyhub/modules/guardian/types/query.pb.go:616.5,617.29 2 0
github.com/furynet/furyhub/modules/guardian/types/query.pb.go:610.20,612.6 1 0
github.com/furynet/furyhub/modules/guardian/types/query.pb.go:613.19,615.6 1 0
github.com/furynet/furyhub/modules/guardian/types/query.pb.go:617.29,618.11 1 0
github.com/furynet/furyhub/modules/guardian/types/query.pb.go:625.39,626.20 1 0
github.com/furynet/furyhub/modules/guardian/types/query.pb.go:629.5,629.19 1 0
github.com/furynet/furyhub/modules/guardian/types/query.pb.go:632.5,635.17 4 0
github.com/furynet/furyhub/modules/guardian/types/query.pb.go:626.20,628.6 1 0
github.com/furynet/furyhub/modules/guardian/types/query.pb.go:629.19,631.6 1 0
github.com/furynet/furyhub/modules/guardian/types/query.pb.go:635.17,636.11 1 0
github.com/furynet/furyhub/modules/guardian/types/query.pb.go:639.18,641.5 1 0
github.com/furynet/furyhub/modules/guardian/types/query.pb.go:646.18,648.5 1 0
github.com/furynet/furyhub/modules/guardian/types/query.pb.go:655.16,657.4 1 0
github.com/furynet/furyhub/modules/guardian/types/query.pb.go:658.17,660.4 1 0
github.com/furynet/furyhub/modules/guardian/types/codec.go:13.55,16.2 2 1
github.com/furynet/furyhub/modules/guardian/types/codec.go:18.59,24.2 2 0
github.com/furynet/furyhub/modules/guardian/types/codec.go:31.13,35.2 3 1
github.com/furynet/furyhub/modules/guardian/types/query.pb.gw.go:40.195,44.40 3 0
github.com/furynet/furyhub/modules/guardian/types/query.pb.gw.go:47.2,47.100 1 0
github.com/furynet/furyhub/modules/guardian/types/query.pb.gw.go:51.2,52.27 2 0
github.com/furynet/furyhub/modules/guardian/types/query.pb.gw.go:44.40,46.3 1 0
github.com/furynet/furyhub/modules/guardian/types/query.pb.gw.go:47.100,49.3 1 0
github.com/furynet/furyhub/modules/guardian/types/query.pb.gw.go:56.201,60.40 3 0
github.com/furynet/furyhub/modules/guardian/types/query.pb.gw.go:63.2,63.100 1 0
github.com/furynet/furyhub/modules/guardian/types/query.pb.gw.go:67.2,68.27 2 0
github.com/furynet/furyhub/modules/guardian/types/query.pb.gw.go:60.40,62.3 1 0
github.com/furynet/furyhub/modules/guardian/types/query.pb.gw.go:63.100,65.3 1 0
github.com/furynet/furyhub/modules/guardian/types/query.pb.gw.go:76.103,78.121 1 0
github.com/furynet/furyhub/modules/guardian/types/query.pb.gw.go:101.2,101.12 1 0
github.com/furynet/furyhub/modules/guardian/types/query.pb.gw.go:78.121,85.17 7 0
github.com/furynet/furyhub/modules/guardian/types/query.pb.gw.go:89.3,92.17 4 0
github.com/furynet/furyhub/modules/guardian/types/query.pb.gw.go:97.3,97.104 1 0
github.com/furynet/furyhub/modules/guardian/types/query.pb.gw.go:85.17,88.4 2 0
github.com/furynet/furyhub/modules/guardian/types/query.pb.gw.go:92.17,95.4 2 0
github.com/furynet/furyhub/modules/guardian/types/query.pb.gw.go:106.136,108.16 2 0
github.com/furynet/furyhub/modules/guardian/types/query.pb.gw.go:111.2,111.15 1 0
github.com/furynet/furyhub/modules/guardian/types/query.pb.gw.go:126.2,126.45 1 0
github.com/furynet/furyhub/modules/guardian/types/query.pb.gw.go:108.16,110.3 1 0
github.com/furynet/furyhub/modules/guardian/types/query.pb.gw.go:111.15,112.17 1 0
github.com/furynet/furyhub/modules/guardian/types/query.pb.gw.go:118.3,118.13 1 0
github.com/furynet/furyhub/modules/guardian/types/query.pb.gw.go:112.17,113.41 1 0
github.com/furynet/furyhub/modules/guardian/types/query.pb.gw.go:116.4,116.10 1 0
github.com/furynet/furyhub/modules/guardian/types/query.pb.gw.go:113.41,115.5 1 0
github.com/furynet/furyhub/modules/guardian/types/query.pb.gw.go:118.13,120.41 2 0
github.com/furynet/furyhub/modules/guardian/types/query.pb.gw.go:120.41,122.5 1 0
github.com/furynet/furyhub/modules/guardian/types/query.pb.gw.go:131.100,133.2 1 0
github.com/furynet/furyhub/modules/guardian/types/query.pb.gw.go:140.103,142.121 1 0
github.com/furynet/furyhub/modules/guardian/types/query.pb.gw.go:162.2,162.12 1 0
github.com/furynet/furyhub/modules/guardian/types/query.pb.gw.go:142.121,147.17 5 0
github.com/furynet/furyhub/modules/guardian/types/query.pb.gw.go:151.3,153.17 3 0
github.com/furynet/furyhub/modules/guardian/types/query.pb.gw.go:158.3,158.104 1 0
github.com/furynet/furyhub/modules/guardian/types/query.pb.gw.go:147.17,150.4 2 0
github.com/furynet/furyhub/modules/guardian/types/query.pb.gw.go:153.17,156.4 2 0
github.com/furynet/furyhub/modules/guardian/types/types.go:12.99,19.2 1 0
github.com/furynet/furyhub/modules/guardian/types/types.go:22.40,27.2 1 0
github.com/furynet/furyhub/modules/guardian/types/types.go:30.61,31.13 1 0
github.com/furynet/furyhub/modules/guardian/types/types.go:32.17,33.22 1 0
github.com/furynet/furyhub/modules/guardian/types/types.go:34.18,35.23 1 0
github.com/furynet/furyhub/modules/guardian/types/types.go:36.10,37.83 1 0
github.com/furynet/furyhub/modules/guardian/types/types.go:42.48,44.22 1 0
github.com/furynet/furyhub/modules/guardian/types/types.go:47.2,47.14 1 0
github.com/furynet/furyhub/modules/guardian/types/types.go:44.22,46.3 1 0
github.com/furynet/furyhub/modules/guardian/types/types.go:51.49,53.2 1 0
github.com/furynet/furyhub/modules/guardian/types/types.go:56.53,59.2 2 0
github.com/furynet/furyhub/modules/guardian/types/types.go:62.54,63.14 1 0
github.com/furynet/furyhub/modules/guardian/types/types.go:64.11,65.31 1 0
github.com/furynet/furyhub/modules/guardian/types/types.go:66.10,67.47 1 0
github.com/furynet/furyhub/keystore/keystore.go:49.78,51.16 2 1
github.com/furynet/furyhub/keystore/keystore.go:55.2,56.16 2 1
github.com/furynet/furyhub/keystore/keystore.go:60.2,61.16 2 1
github.com/furynet/furyhub/keystore/keystore.go:65.2,66.16 2 1
github.com/furynet/furyhub/keystore/keystore.go:70.2,74.41 5 1
github.com/furynet/furyhub/keystore/keystore.go:78.2,79.16 2 1
github.com/furynet/furyhub/keystore/keystore.go:82.2,82.23 1 1
github.com/furynet/furyhub/keystore/keystore.go:51.16,53.3 1 0
github.com/furynet/furyhub/keystore/keystore.go:56.16,58.3 1 0
github.com/furynet/furyhub/keystore/keystore.go:61.16,63.3 1 0
github.com/furynet/furyhub/keystore/keystore.go:66.16,68.3 1 0
github.com/furynet/furyhub/keystore/keystore.go:74.41,76.3 1 0
github.com/furynet/furyhub/keystore/keystore.go:79.16,81.3 1 0
github.com/furynet/furyhub/keystore/keystore.go:85.68,88.74 2 1
github.com/furynet/furyhub/keystore/keystore.go:91.2,92.16 2 1
github.com/furynet/furyhub/keystore/keystore.go:95.2,97.32 2 1
github.com/furynet/furyhub/keystore/keystore.go:106.2,106.63 1 0
github.com/furynet/furyhub/keystore/keystore.go:88.74,90.3 1 0
github.com/furynet/furyhub/keystore/keystore.go:92.16,94.3 1 0
github.com/furynet/furyhub/keystore/keystore.go:97.32,100.27 3 1
github.com/furynet/furyhub/keystore/keystore.go:103.3,104.18 2 1
github.com/furynet/furyhub/keystore/keystore.go:100.27,102.4 1 0
github.com/furynet/furyhub/keystore/keystore.go:109.35,111.9 2 2
github.com/furynet/furyhub/keystore/keystore.go:114.2,114.12 1 2
github.com/furynet/furyhub/keystore/keystore.go:111.9,113.3 1 2
github.com/furynet/furyhub/keystore/keystore.go:117.56,120.16 2 1
github.com/furynet/furyhub/keystore/keystore.go:123.2,126.21 4 1
github.com/furynet/furyhub/keystore/keystore.go:120.16,122.3 1 0
github.com/furynet/furyhub/keystore/keys.go:15.96,17.16 2 1
github.com/furynet/furyhub/keystore/keys.go:20.2,20.43 1 1
github.com/furynet/furyhub/keystore/keys.go:17.16,19.3 1 0
github.com/furynet/furyhub/keystore/keys.go:23.83,24.16 1 1
github.com/furynet/furyhub/keystore/keys.go:28.2,29.64 2 1
github.com/furynet/furyhub/keystore/keys.go:33.2,34.16 2 1
github.com/furynet/furyhub/keystore/keys.go:38.2,38.25 1 1
github.com/furynet/furyhub/keystore/keys.go:42.2,42.41 1 1
github.com/furynet/furyhub/keystore/keys.go:24.16,26.3 1 0
github.com/furynet/furyhub/keystore/keys.go:29.64,31.3 1 0
[...]
github.com/furynet/furyhub/modules/mint/types/query.pb.go:206.157,208.32 2 0
github.com/furynet/furyhub/modules/mint/types/query.pb.go:211.2,211.24 1 0
github.com/furynet/furyhub/modules/mint/types/query.pb.go:214.2,218.77 2 0
github.com/furynet/furyhub/modules/mint/types/query.pb.go:221.2,221.44 1 0
github.com/furynet/furyhub/modules/mint/types/query.pb.go:208.32,210.3 1 0
github.com/furynet/furyhub/modules/mint/types/query.pb.go:211.24,213.3 1 0
github.com/furynet/furyhub/modules/mint/types/query.pb.go:218.77,220.3 1 0
github.com/furynet/furyhub/modules/mint/types/query.pb.go:237.65,241.16 4 0
github.com/furynet/furyhub/modules/mint/types/query.pb.go:244.2,244.22 1 0
github.com/furynet/furyhub/modules/mint/types/query.pb.go:241.16,243.3 1 0
github.com/furynet/furyhub/modules/mint/types/query.pb.go:247.66,250.2 2 0
github.com/furynet/furyhub/modules/mint/types/query.pb.go:252.77,258.2 5 0
github.com/furynet/furyhub/modules/mint/types/query.pb.go:260.66,264.16 4 0
github.com/furynet/furyhub/modules/mint/types/query.pb.go:267.2,267.22 1 0
github.com/furynet/furyhub/modules/mint/types/query.pb.go:264.16,266.3 1 0
github.com/furynet/furyhub/modules/mint/types/query.pb.go:270.67,273.2 2 0
github.com/furynet/furyhub/modules/mint/types/query.pb.go:275.78,280.18 5 0
github.com/furynet/furyhub/modules/mint/types/query.pb.go:300.2,302.27 3 0
github.com/furynet/furyhub/modules/mint/types/query.pb.go:280.18,281.3 1 0
github.com/furynet/furyhub/modules/mint/types/query.pb.go:289.3,290.17 2 0
github.com/furynet/furyhub/modules/mint/types/query.pb.go:281.3,283.18 2 0
github.com/furynet/furyhub/modules/mint/types/query.pb.go:286.4,287.48 2 0
github.com/furynet/furyhub/modules/mint/types/query.pb.go:283.18,285.5 1 0
github.com/furynet/furyhub/modules/mint/types/query.pb.go:292.2,294.17 2 0
github.com/furynet/furyhub/modules/mint/types/query.pb.go:297.3,298.47 2 0
github.com/furynet/furyhub/modules/mint/types/query.pb.go:294.17,296.4 1 0
github.com/furynet/furyhub/modules/mint/types/query.pb.go:305.63,308.16 3 0
github.com/furynet/furyhub/modules/mint/types/query.pb.go:313.2,314.13 2 0
github.com/furynet/furyhub/modules/mint/types/query.pb.go:308.16,312.3 3 0
github.com/furynet/furyhub/modules/mint/types/query.pb.go:316.45,317.14 1 0
github.com/furynet/furyhub/modules/mint/types/query.pb.go:320.2,322.10 3 0
github.com/furynet/furyhub/modules/mint/types/query.pb.go:317.14,319.3 1 0
github.com/furynet/furyhub/modules/mint/types/query.pb.go:325.46,326.14 1 0
github.com/furynet/furyhub/modules/mint/types/query.pb.go:329.2,333.18 5 0
github.com/furynet/furyhub/modules/mint/types/query.pb.go:337.2,337.10 1 0
github.com/furynet/furyhub/modules/mint/types/query.pb.go:326.14,328.3 1 0
github.com/furynet/furyhub/modules/mint/types/query.pb.go:333.18,336.3 2 0
github.com/furynet/furyhub/modules/mint/types/query.pb.go:340.33,342.2 1 0
github.com/furynet/furyhub/modules/mint/types/query.pb.go:343.33,345.2 1 0
github.com/furynet/furyhub/modules/mint/types/query.pb.go:346.59,349.16 3 0
github.com/furynet/furyhub/modules/mint/types/query.pb.go:391.2,391.15 1 0
github.com/furynet/furyhub/modules/mint/types/query.pb.go:394.2,394.12 1 0
github.com/furynet/furyhub/modules/mint/types/query.pb.go:349.16,352.38 3 0
github.com/furynet/furyhub/modules/mint/types/query.pb.go:366.3,368.20 3 0
github.com/furynet/furyhub/modules/mint/types/query.pb.go:371.3,371.20 1 0
github.com/furynet/furyhub/modules/mint/types/query.pb.go:374.3,374.19 1 0
github.com/furynet/furyhub/modules/mint/types/query.pb.go:352.38,353.19 1 0
github.com/furynet/furyhub/modules/mint/types/query.pb.go:356.4,356.18 1 0
github.com/furynet/furyhub/modules/mint/types/query.pb.go:359.4,362.16 4 0
github.com/furynet/furyhub/modules/mint/types/query.pb.go:353.19,355.5 1 0
github.com/furynet/furyhub/modules/mint/types/query.pb.go:356.18,358.5 1 0
github.com/furynet/furyhub/modules/mint/types/query.pb.go:362.16,363.10 1 0
github.com/furynet/furyhub/modules/mint/types/query.pb.go:368.20,370.4 1 0
github.com/furynet/furyhub/modules/mint/types/query.pb.go:371.20,373.4 1 0
github.com/furynet/furyhub/modules/mint/types/query.pb.go:375.11,378.18 3 0
github.com/furynet/furyhub/modules/mint/types/query.pb.go:381.4,381.42 1 0
github.com/furynet/furyhub/modules/mint/types/query.pb.go:384.4,384.28 1 0
github.com/furynet/furyhub/modules/mint/types/query.pb.go:387.4,387.19 1 0
github.com/furynet/furyhub/modules/mint/types/query.pb.go:378.18,380.5 1 0
github.com/furynet/furyhub/modules/mint/types/query.pb.go:381.42,383.5 1 0
github.com/furynet/furyhub/modules/mint/types/query.pb.go:384.28,386.5 1 0
github.com/furynet/furyhub/modules/mint/types/query.pb.go:391.15,393.3 1 0
github.com/furynet/furyhub/modules/mint/types/query.pb.go:396.60,399.16 3 0
github.com/furynet/furyhub/modules/mint/types/query.pb.go:510.2,510.15 1 0
github.com/furynet/furyhub/modules/mint/types/query.pb.go:513.2,513.12 1 0
github.com/furynet/furyhub/modules/mint/types/query.pb.go:399.16,402.38 3 0
github.com/furynet/furyhub/modules/mint/types/query.pb.go:416.3,418.20 3 0
github.com/furynet/furyhub/modules/mint/types/query.pb.go:421.3,421.20 1 0
github.com/furynet/furyhub/modules/mint/types/query.pb.go:424.3,424.19 1 0
github.com/furynet/furyhub/modules/mint/types/query.pb.go:402.38,403.19 1 0
github.com/furynet/furyhub/modules/mint/types/query.pb.go:406.4,406.18 1 0
github.com/furynet/furyhub/modules/mint/types/query.pb.go:409.4,412.16 4 0
github.com/furynet/furyhub/modules/mint/types/query.pb.go:403.19,405.5 1 0
github.com/furynet/furyhub/modules/mint/types/query.pb.go:406.18,408.5 1 0
github.com/furynet/furyhub/modules/mint/types/query.pb.go:412.16,413.10 1 0
github.com/furynet/furyhub/modules/mint/types/query.pb.go:418.20,420.4 1 0
github.com/furynet/furyhub/modules/mint/types/query.pb.go:421.20,423.4 1 0
github.com/furynet/furyhub/modules/mint/types/query.pb.go:425.10,426.21 1 0
github.com/furynet/furyhub/modules/mint/types/query.pb.go:429.4,430.39 2 0
github.com/furynet/furyhub/modules/mint/types/query.pb.go:444.4,444.18 1 0
github.com/furynet/furyhub/modules/mint/types/query.pb.go:447.4,448.21 2 0
github.com/furynet/furyhub/modules/mint/types/query.pb.go:451.4,451.21 1 0
github.com/furynet/furyhub/modules/mint/types/query.pb.go:454.4,454.68 1 0
github.com/furynet/furyhub/modules/mint/types/query.pb.go:457.4,457.21 1 0
github.com/furynet/furyhub/modules/mint/types/query.pb.go:458.10,459.21 1 0
github.com/furynet/furyhub/modules/mint/types/query.pb.go:462.4,463.39 2 0
github.com/furynet/furyhub/modules/mint/types/query.pb.go:477.4,477.18 1 0
github.com/furynet/furyhub/modules/mint/types/query.pb.go:480.4,481.21 2 0
github.com/furynet/furyhub/modules/mint/types/query.pb.go:484.4,484.21 1 0
github.com/furynet/furyhub/modules/mint/types/query.pb.go:487.4,487.20 1 0
github.com/furynet/furyhub/modules/mint/types/query.pb.go:490.4,490.65 1 0
github.com/furynet/furyhub/modules/mint/types/query.pb.go:493.4,493.21 1 0
github.com/furynet/furyhub/modules/mint/types/query.pb.go:494.11,497.18 3 0
github.com/furynet/furyhub/modules/mint/types/query.pb.go:500.4,500.42 1 0
github.com/furynet/furyhub/modules/mint/types/query.pb.go:503.4,503.28 1 0
github.com/furynet/furyhub/modules/mint/types/query.pb.go:506.4,506.19 1 0
github.com/furynet/furyhub/modules/mint/types/query.pb.go:426.21,428.5 1 0
github.com/furynet/furyhub/modules/mint/types/query.pb.go:430.39,431.20 1 0
github.com/furynet/furyhub/modules/mint/types/query.pb.go:434.5,434.19 1 0
github.com/furynet/furyhub/modules/mint/types/query.pb.go:437.5,440.17 4 0
github.com/furynet/furyhub/modules/mint/types/query.pb.go:431.20,433.6 1 0
github.com/furynet/furyhub/modules/mint/types/query.pb.go:434.19,436.6 1 0
github.com/furynet/furyhub/modules/mint/types/query.pb.go:440.17,441.11 1 0
github.com/furynet/furyhub/modules/mint/types/query.pb.go:444.18,446.5 1 0
github.com/furynet/furyhub/modules/mint/types/query.pb.go:448.21,450.5 1 0
github.com/furynet/furyhub/modules/mint/types/query.pb.go:451.21,453.5 1 0
github.com/furynet/furyhub/modules/mint/types/query.pb.go:454.68,456.5 1 0
github.com/furynet/furyhub/modules/mint/types/query.pb.go:459.21,461.5 1 0
github.com/furynet/furyhub/modules/mint/types/query.pb.go:463.39,464.20 1 0
github.com/furynet/furyhub/modules/mint/types/query.pb.go:467.5,467.19 1 0
github.com/furynet/furyhub/modules/mint/types/query.pb.go:470.5,473.17 4 0
github.com/furynet/furyhub/modules/mint/types/query.pb.go:464.20,466.6 1 0
github.com/furynet/furyhub/modules/mint/types/query.pb.go:467.19,469.6 1 0
github.com/furynet/furyhub/modules/mint/types/query.pb.go:473.17,474.11 1 0
github.com/furynet/furyhub/modules/mint/types/query.pb.go:477.18,479.5 1 0
github.com/furynet/furyhub/modules/mint/types/query.pb.go:481.21,483.5 1 0
github.com/furynet/furyhub/modules/mint/types/query.pb.go:484.21,486.5 1 0
github.com/furynet/furyhub/modules/mint/types/query.pb.go:487.20,489.5 1 0
github.com/furynet/furyhub/modules/mint/types/query.pb.go:490.65,492.5 1 0
github.com/furynet/furyhub/modules/mint/types/query.pb.go:497.18,499.5 1 0
github.com/furynet/furyhub/modules/mint/types/query.pb.go:500.42,502.5 1 0
github.com/furynet/furyhub/modules/mint/types/query.pb.go:503.28,505.5 1 0
github.com/furynet/furyhub/modules/mint/types/query.pb.go:510.15,512.3 1 0
github.com/furynet/furyhub/modules/mint/types/query.pb.go:515.48,519.16 4 0
github.com/furynet/furyhub/modules/mint/types/query.pb.go:591.2,591.31 1 0
github.com/furynet/furyhub/modules/mint/types/query.pb.go:519.16,521.38 2 0
github.com/furynet/furyhub/modules/mint/types/query.pb.go:535.3,536.19 2 0
github.com/furynet/furyhub/modules/mint/types/query.pb.go:584.3,584.16 1 0
github.com/furynet/furyhub/modules/mint/types/query.pb.go:587.3,587.17 1 0
github.com/furynet/furyhub/modules/mint/types/query.pb.go:521.38,522.19 1 0
github.com/furynet/furyhub/modules/mint/types/query.pb.go:525.4,525.18 1 0
github.com/furynet/furyhub/modules/mint/types/query.pb.go:528.4,531.16 4 0
github.com/furynet/furyhub/modules/mint/types/query.pb.go:522.19,524.5 1 0
github.com/furynet/furyhub/modules/mint/types/query.pb.go:525.18,527.5 1 0
github.com/furynet/furyhub/modules/mint/types/query.pb.go:531.16,532.10 1 0
github.com/furynet/furyhub/modules/mint/types/query.pb.go:537.10,538.39 1 0
github.com/furynet/furyhub/modules/mint/types/query.pb.go:550.10,551.14 1 0
github.com/furynet/furyhub/modules/mint/types/query.pb.go:552.10,554.39 2 0
github.com/furynet/furyhub/modules/mint/types/query.pb.go:568.4,568.18 1 0
github.com/furynet/furyhub/modules/mint/types/query.pb.go:571.4,571.19 1 0
github.com/furynet/furyhub/modules/mint/types/query.pb.go:572.10,573.11 1 0
github.com/furynet/furyhub/modules/mint/types/query.pb.go:574.10,575.18 1 0
github.com/furynet/furyhub/modules/mint/types/query.pb.go:578.4,578.11 1 0
github.com/furynet/furyhub/modules/mint/types/query.pb.go:579.10,580.14 1 0
github.com/furynet/furyhub/modules/mint/types/query.pb.go:581.11,582.64 1 0
github.com/furynet/furyhub/modules/mint/types/query.pb.go:538.39,539.20 1 0
github.com/furynet/furyhub/modules/mint/types/query.pb.go:542.5,542.19 1 0
github.com/furynet/furyhub/modules/mint/types/query.pb.go:545.5,546.29 2 0
github.com/furynet/furyhub/modules/mint/types/query.pb.go:539.20,541.6 1 0
github.com/furynet/furyhub/modules/mint/types/query.pb.go:542.19,544.6 1 0
github.com/furynet/furyhub/modules/mint/types/query.pb.go:546.29,547.11 1 0
github.com/furynet/furyhub/modules/mint/types/query.pb.go:554.39,555.20 1 0
github.com/furynet/furyhub/modules/mint/types/query.pb.go:558.5,558.19 1 0
github.com/furynet/furyhub/modules/mint/types/query.pb.go:561.5,564.17 4 0
github.com/furynet/furyhub/modules/mint/types/query.pb.go:555.20,557.6 1 0
github.com/furynet/furyhub/modules/mint/types/query.pb.go:558.19,560.6 1 0
github.com/furynet/furyhub/modules/mint/types/query.pb.go:564.17,565.11 1 0
github.com/furynet/furyhub/modules/mint/types/query.pb.go:568.18,570.5 1 0
github.com/furynet/furyhub/modules/mint/types/query.pb.go:575.18,577.5 1 0
github.com/furynet/furyhub/modules/mint/types/query.pb.go:584.16,586.4 1 0
github.com/furynet/furyhub/modules/mint/types/query.pb.go:587.17,589.4 1 0
github.com/furynet/furyhub/modules/mint/types/codec.go:14.13,17.2 2 1
github.com/furynet/furyhub/modules/mint/types/query.pb.gw.go:36.195,43.2 4 0
github.com/furynet/furyhub/modules/mint/types/query.pb.gw.go:45.201,52.2 4 0
github.com/furynet/furyhub/modules/mint/types/query.pb.gw.go:58.103,60.121 1 0
github.com/furynet/furyhub/modules/mint/types/query.pb.gw.go:83.2,83.12 1 0
github.com/furynet/furyhub/modules/mint/types/query.pb.gw.go:60.121,67.17 7 0
github.com/furynet/furyhub/modules/mint/types/query.pb.gw.go:71.3,74.17 4 0
github.com/furynet/furyhub/modules/mint/types/query.pb.gw.go:79.3,79.104 1 0
github.com/furynet/furyhub/modules/mint/types/query.pb.gw.go:67.17,70.4 2 0
github.com/furynet/furyhub/modules/mint/types/query.pb.gw.go:74.17,77.4 2 0
github.com/furynet/furyhub/modules/mint/types/query.pb.gw.go:88.136,90.16 2 0
github.com/furynet/furyhub/modules/mint/types/query.pb.gw.go:93.2,93.15 1 0
github.com/furynet/furyhub/modules/mint/types/query.pb.gw.go:108.2,108.45 1 0
github.com/furynet/furyhub/modules/mint/types/query.pb.gw.go:90.16,92.3 1 0
github.com/furynet/furyhub/modules/mint/types/query.pb.gw.go:93.15,94.17 1 0
github.com/furynet/furyhub/modules/mint/types/query.pb.gw.go:100.3,100.13 1 0
github.com/furynet/furyhub/modules/mint/types/query.pb.gw.go:94.17,95.41 1 0
github.com/furynet/furyhub/modules/mint/types/query.pb.gw.go:98.4,98.10 1 0
github.com/furynet/furyhub/modules/mint/types/query.pb.gw.go:95.41,97.5 1 0
github.com/furynet/furyhub/modules/mint/types/query.pb.gw.go:100.13,102.41 2 0
github.com/furynet/furyhub/modules/mint/types/query.pb.gw.go:102.41,104.5 1 0
github.com/furynet/furyhub/modules/mint/types/query.pb.gw.go:113.100,115.2 1 0
github.com/furynet/furyhub/modules/mint/types/query.pb.gw.go:122.103,124.121 1 0
github.com/furynet/furyhub/modules/mint/types/query.pb.gw.go:144.2,144.12 1 0
github.com/furynet/furyhub/modules/mint/types/query.pb.gw.go:124.121,129.17 5 0
github.com/furynet/furyhub/modules/mint/types/query.pb.gw.go:133.3,135.17 3 0
github.com/furynet/furyhub/modules/mint/types/query.pb.gw.go:140.3,140.104 1 0
github.com/furynet/furyhub/modules/mint/types/query.pb.gw.go:129.17,132.4 2 0
github.com/furynet/furyhub/modules/mint/types/query.pb.gw.go:135.17,138.4 2 0
github.com/furynet/furyhub/modules/mint/simulation/decoder.go:15.68,16.39 1 1
github.com/furynet/furyhub/modules/mint/simulation/decoder.go:16.39,17.10 1 2
github.com/furynet/furyhub/modules/mint/simulation/decoder.go:18.46,22.50 4 1
github.com/furynet/furyhub/modules/mint/simulation/decoder.go:23.11,24.54 1 1
github.com/furynet/furyhub/modules/mint/simulation/genesis.go:22.41,24.2 1 0
github.com/furynet/furyhub/modules/mint/simulation/genesis.go:27.59,32.22 2 0
github.com/furynet/furyhub/modules/mint/simulation/genesis.go:35.2,39.16 4 0
github.com/furynet/furyhub/modules/mint/simulation/genesis.go:42.2,43.81 2 0
github.com/furynet/furyhub/modules/mint/simulation/genesis.go:32.22,32.53 1 0
github.com/furynet/furyhub/modules/mint/simulation/genesis.go:39.16,40.13 1 0
github.com/furynet/furyhub/modules/mint/simulation/params.go:17.56,22.30 1 0
github.com/furynet/furyhub/modules/mint/simulation/params.go:22.30,24.5 1 0
github.com/furynet/furyhub/modules/mint/keeper/grpc_query.go:14.108,19.2 3 2
github.com/furynet/furyhub/modules/mint/keeper/keeper.go:28.34,31.64 1 12
github.com/furynet/furyhub/modules/mint/keeper/keeper.go:35.2,42.15 2 12
github.com/furynet/furyhub/modules/mint/keeper/keeper.go:31.64,32.52 1 0
github.com/furynet/furyhub/modules/mint/keeper/keeper.go:46.52,48.2 1 12
github.com/furynet/furyhub/modules/mint/keeper/keeper.go:53.66,56.14 3 14
github.com/furynet/furyhub/modules/mint/keeper/keeper.go:59.2,60.8 2 14
github.com/furynet/furyhub/modules/mint/keeper/keeper.go:56.14,57.50 1 0
github.com/furynet/furyhub/modules/mint/keeper/keeper.go:64.65,68.2 3 38
github.com/furynet/furyhub/modules/mint/keeper/keeper.go:72.70,73.22 1 16
github.com/furynet/furyhub/modules/mint/keeper/keeper.go:77.2,77.64 1 16
github.com/furynet/furyhub/modules/mint/keeper/keeper.go:73.22,76.3 1 0
github.com/furynet/furyhub/modules/mint/keeper/keeper.go:82.74,84.2 1 14
github.com/furynet/furyhub/modules/mint/keeper/keeper.go:87.59,91.2 3 22
github.com/furynet/furyhub/modules/mint/keeper/keeper.go:94.67,96.2 1 26
github.com/furynet/furyhub/modules/mint/keeper/querier.go:14.76,15.83 1 14
github.com/furynet/furyhub/modules/mint/keeper/querier.go:15.83,16.18 1 4
github.com/furynet/furyhub/modules/mint/keeper/querier.go:17.30,18.48 1 2
github.com/furynet/furyhub/modules/mint/keeper/querier.go:19.11,20.95 1 2
github.com/furynet/furyhub/modules/mint/keeper/querier.go:25.98,29.16 3 2
github.com/furynet/furyhub/modules/mint/keeper/querier.go:33.2,33.17 1 2
github.com/furynet/furyhub/modules/mint/keeper/querier.go:29.16,31.3 1 0
github.com/furynet/furyhub/modules/mint/client/cli/query.go:15.35,27.2 3 0
github.com/furynet/furyhub/modules/mint/client/cli/query.go:30.41,35.55 1 1
github.com/furynet/furyhub/modules/mint/client/cli/query.go:51.2,52.12 2 1
github.com/furynet/furyhub/modules/mint/client/cli/query.go:35.55,37.18 2 1
github.com/furynet/furyhub/modules/mint/client/cli/query.go:41.4,44.18 3 1
github.com/furynet/furyhub/modules/mint/client/cli/query.go:48.4,48.44 1 1
github.com/furynet/furyhub/modules/mint/client/cli/query.go:37.18,39.5 1 0
github.com/furynet/furyhub/modules/mint/client/cli/query.go:44.18,46.5 1 0
github.com/furynet/furyhub/modules/guardian/client/cli/flags.go:19.13,23.2 3 1
github.com/furynet/furyhub/modules/guardian/client/cli/query.go:17.35,29.2 3 0
github.com/furynet/furyhub/modules/guardian/client/cli/query.go:32.41,37.55 1 3
github.com/furynet/furyhub/modules/guardian/client/cli/query.go:58.2,60.12 3 3
github.com/furynet/furyhub/modules/guardian/client/cli/query.go:37.55,39.18 2 3
github.com/furynet/furyhub/modules/guardian/client/cli/query.go:43.4,46.18 3 3
github.com/furynet/furyhub/modules/guardian/client/cli/query.go:50.4,51.18 2 3
github.com/furynet/furyhub/modules/guardian/client/cli/query.go:55.4,55.36 1 3
github.com/furynet/furyhub/modules/guardian/client/cli/query.go:39.18,41.5 1 0
github.com/furynet/furyhub/modules/guardian/client/cli/query.go:46.18,48.5 1 0
github.com/furynet/furyhub/modules/guardian/client/cli/query.go:51.18,53.5 1 0
github.com/furynet/furyhub/modules/guardian/client/cli/tx.go:17.32,30.2 3 0
github.com/furynet/furyhub/modules/guardian/client/cli/tx.go:33.41,41.55 1 1
github.com/furynet/furyhub/modules/guardian/client/cli/tx.go:66.2,70.12 5 1
github.com/furynet/furyhub/modules/guardian/client/cli/tx.go:41.55,43.18 2 1
github.com/furynet/furyhub/modules/guardian/client/cli/tx.go:47.4,50.23 3 1
github.com/furynet/furyhub/modules/guardian/client/cli/tx.go:53.4,54.18 2 1
github.com/furynet/furyhub/modules/guardian/client/cli/tx.go:57.4,59.46 3 1
github.com/furynet/furyhub/modules/guardian/client/cli/tx.go:63.4,63.67 1 1
github.com/furynet/furyhub/modules/guardian/client/cli/tx.go:43.18,45.5 1 0
github.com/furynet/furyhub/modules/guardian/client/cli/tx.go:50.23,52.5 1 0
github.com/furynet/furyhub/modules/guardian/client/cli/tx.go:54.18,56.5 1 0
github.com/furynet/furyhub/modules/guardian/client/cli/tx.go:59.46,61.5 1 0
github.com/furynet/furyhub/modules/guardian/client/cli/tx.go:74.41,82.55 1 1
github.com/furynet/furyhub/modules/guardian/client/cli/tx.go:102.2,105.12 4 1
github.com/furynet/furyhub/modules/guardian/client/cli/tx.go:82.55,84.18 2 1
github.com/furynet/furyhub/modules/guardian/client/cli/tx.go:88.4,91.18 4 1
github.com/furynet/furyhub/modules/guardian/client/cli/tx.go:94.4,95.46 2 1
github.com/furynet/furyhub/modules/guardian/client/cli/tx.go:99.4,99.67 1 1
github.com/furynet/furyhub/modules/guardian/client/cli/tx.go:84.18,86.5 1 0
github.com/furynet/furyhub/modules/guardian/client/cli/tx.go:91.18,93.5 1 0
github.com/furynet/furyhub/modules/guardian/client/cli/tx.go:95.46,97.5 1 0
